JMP	0	97
INT	0	5
LOD	1	3
STO	0	3
LOD	1	4
STO	0	4
LOD	1	3
LOD	1	4
OPR	0	3
STO	1	5
OPR	0	0
INT	0	4
LOD	1	3
STO	1	7
LIT	0	0
STO	1	6
LOD	1	4
STO	0	3
LOD	0	3
LOD	1	7
OPR	0	6
JPC	0	27
LIT	0	2
LOD	0	3
OPR	0	3
STO	0	3
JMP	0	18
LOD	0	3
LOD	1	4
OPR	0	7
JPC	0	52
LIT	0	2
LOD	1	6
OPR	0	3
STO	1	6
LOD	0	3
LIT	0	2
OPR	0	4
STO	0	3
LOD	0	3
LOD	1	7
OPR	0	6
JPC	0	51
LOD	1	7
LOD	0	3
OPR	0	2
STO	1	7
LOD	1	6
LIT	0	1
OPR	0	1
STO	1	6
JMP	0	27
OPR	0	0
INT	0	4
LOD	1	3
STO	1	9
LOD	1	4
STO	0	3
LOD	1	9
LOD	0	3
OPR	0	10
JPC	0	79
LOD	1	9
LOD	0	3
OPR	0	5
JPC	0	70
LOD	0	3
LOD	1	9
OPR	0	2
STO	0	3
LOD	0	3
LOD	1	9
OPR	0	5
JPC	0	78
LOD	1	9
LOD	0	3
OPR	0	2
STO	1	9
JMP	0	58
LOD	1	9
STO	1	5
OPR	0	0
INT	0	3
LOD	1	8
LIT	0	1
OPR	0	7
JPC	0	96
LOD	1	8
LOD	1	9
OPR	0	3
STO	1	9
LOD	1	8
LIT	0	1
OPR	0	2
STO	1	8
CAL	1	82
OPR	0	0
INT	0	10
OPR	0	12
STO	0	3
OPR	0	12
STO	0	4
CAL	0	1
LOD	0	5
OPR	0	11
OPR	0	12
STO	0	3
OPR	0	12
STO	0	4
CAL	0	11
LOD	0	6
OPR	0	11
LOD	0	7
OPR	0	11
OPR	0	12
STO	0	3
OPR	0	12
STO	0	4
CAL	0	53
LOD	0	5
OPR	0	11
OPR	0	12
STO	0	8
LIT	0	1
STO	0	9
CAL	0	82
LOD	0	9
OPR	0	11
OPR	0	0
