(j, -, -, 70)
(var, -, -, x)
(var, -, -, y)
(var, -, -, z)
(var, -, -, q)
(var, -, -, r)
(var, -, -, n)
(var, -, -, f)
(proc, -, -, multiply)
(var, -, -, a)
(var, -, -, b)
(init, -, -, 5)
(:=, x, -, a)
(:=, y, -, b)
(*, x, y, $T0)
(:=, $T0, -, z)
(j, -, -, 0)
(proc, -, -, divide)
(var, -, -, w)
(init, -, -, 4)
(:=, x, -, r)
(:=, 0, -, q)
(:=, y, -, w)
(<=, w, r, $T1)
(jz, $T1, -, 28)
(*, 2, w, $T2)
(:=, $T2, -, w)
(j, -, -, 23)
(>, w, y, $T3)
(jz, $T3, -, 41)
(*, 2, q, $T4)
(:=, $T4, -, q)
(/, w, 2, $T5)
(:=, $T5, -, w)
(<=, w, r, $T6)
(jz, $T6, -, 40)
(-, r, w, $T7)
(:=, $T7, -, r)
(+, q, 1, $T8)
(:=, $T8, -, q)
(j, -, -, 28)
(j, -, -, 0)
(proc, -, -, gcd)
(var, -, -, g)
(init, -, -, 4)
(:=, x, -, f)
(:=, y, -, g)
(!=, f, g, $T9)
(jz, $T9, -, 58)
(<, f, g, $T10)
(jz, $T10, -, 53)
(-, g, f, $T11)
(:=, $T11, -, g)
(<, g, f, $T12)
(jz, $T12, -, 57)
(-, f, g, $T13)
(:=, $T13, -, f)
(j, -, -, 47)
(:=, f, -, z)
(j, -, -, 0)
(proc, -, -, fact)
(init, -, -, 3)
(>, n, 1, $T14)
(jz, $T14, -, 69)
(*, n, f, $T15)
(:=, $T15, -, f)
(-, n, 1, $T16)
(:=, $T16, -, n)
(call, -, -, 61)
(j, -, -, 0)
(init, -, -, 10)
(read, -, -, x)
(read, -, -, y)
(call, -, -, 11)
(write, -, -, z)
(read, -, -, x)
(read, -, -, y)
(call, -, -, 19)
(write, -, -, q)
(write, -, -, r)
(read, -, -, x)
(read, -, -, y)
(call, -, -, 44)
(write, -, -, z)
(read, -, -, n)
(:=, 1, -, f)
(call, -, -, 61)
(write, -, -, f)
(j, -, -, 0)
