(var, SYM_VAR)
(x, SYS_IDENT)
(,, SYM_COMMA)
(y, SYS_IDENT)
(,, SYM_COMMA)
(z, SYS_IDENT)
(,, SYM_COMMA)
(q, SYS_IDENT)
(,, SYM_COMMA)
(r, SYS_IDENT)
(,, SYM_COMMA)
(n, SYS_IDENT)
(,, SYM_COMMA)
(f, SYS_IDENT)
(;, SYM_SEMICOLON)
(procedure, SYM_PROC)
(multiply, SYS_IDENT)
(;, SYM_SEMICOLON)
(var, SYM_VAR)
(a, SYS_IDENT)
(,, SYM_COMMA)
(b, SYS_IDENT)
(;, SYM_SEMICOLON)
(begin, SYM_BEGIN)
(a, SYS_IDENT)
(:=, SYM_ASSIGN)
(x, SYS_IDENT)
(;, SYM_SEMICOLON)
(b, SYS_IDENT)
(:=, SYM_ASSIGN)
(y, SYS_IDENT)
(;, SYM_SEMICOLON)
(z, SYS_IDENT)
(:=, SYM_ASSIGN)
(x, SYS_IDENT)
(*, SYM_MUL)
(y, SYS_IDENT)
(end, SYM_END)
(;, SYM_SEMICOLON)
(procedure, SYM_PROC)
(divide, SYS_IDENT)
(;, SYM_SEMICOLON)
(var, SYM_VAR)
(w, SYS_IDENT)
(;, SYM_SEMICOLON)
(begin, SYM_BEGIN)
(r, SYS_IDENT)
(:=, SYM_ASSIGN)
(x, SYS_IDENT)
(;, SYM_SEMICOLON)
(q, SYS_IDENT)
(:=, SYM_ASSIGN)
(0, SYS_NUMBER)
(;, SYM_SEMICOLON)
(w, SYS_IDENT)
(:=, SYM_ASSIGN)
(y, SYS_IDENT)
(;, SYM_SEMICOLON)
(while, SYM_WHILE)
(w, SYS_IDENT)
(<=, SYM_LEQ)
(r, SYS_IDENT)
(do, SYM_DO)
(w, SYS_IDENT)
(:=, SYM_ASSIGN)
(2, SYS_NUMBER)
(*, SYM_MUL)
(w, SYS_IDENT)
(;, SYM_SEMICOLON)
(while, SYM_WHILE)
(w, SYS_IDENT)
(>, SYM_GTR)
(y, SYS_IDENT)
(do, SYM_DO)
(begin, SYM_BEGIN)
(q, SYS_IDENT)
(:=, SYM_ASSIGN)
(2, SYS_NUMBER)
(*, SYM_MUL)
(q, SYS_IDENT)
(;, SYM_SEMICOLON)
(w, SYS_IDENT)
(:=, SYM_ASSIGN)
(w, SYS_IDENT)
(/, SYM_DIV)
(2, SYS_NUMBER)
(;, SYM_SEMICOLON)
(if, SYM_IF)
(w, SYS_IDENT)
(<=, SYM_LEQ)
(r, SYS_IDENT)
(then, SYM_THEN)
(begin, SYM_BEGIN)
(r, SYS_IDENT)
(:=, SYM_ASSIGN)
(r, SYS_IDENT)
(-, SYM_MINUS)
(w, SYS_IDENT)
(;, SYM_SEMICOLON)
(q, SYS_IDENT)
(:=, SYM_ASSIGN)
(q, SYS_IDENT)
(+, SYM_PLUS)
(1, SYS_NUMBER)
(end, SYM_END)
(end, SYM_END)
(end, SYM_END)
(;, SYM_SEMICOLON)
(procedure, SYM_PROC)
(gcd, SYS_IDENT)
(;, SYM_SEMICOLON)
(var, SYM_VAR)
(g, SYS_IDENT)
(;, SYM_SEMICOLON)
(begin, SYM_BEGIN)
(f, SYS_IDENT)
(:=, SYM_ASSIGN)
(x, SYS_IDENT)
(;, SYM_SEMICOLON)
(g, SYS_IDENT)
(:=, SYM_ASSIGN)
(y, SYS_IDENT)
(;, SYM_SEMICOLON)
(while, SYM_WHILE)
(f, SYS_IDENT)
(#, SYM_NEQ)
(g, SYS_IDENT)
(do, SYM_DO)
(begin, SYM_BEGIN)
(if, SYM_IF)
(f, SYS_IDENT)
(<, SYM_LSS)
(g, SYS_IDENT)
(then, SYM_THEN)
(g, SYS_IDENT)
(:=, SYM_ASSIGN)
(g, SYS_IDENT)
(-, SYM_MINUS)
(f, SYS_IDENT)
(;, SYM_SEMICOLON)
(if, SYM_IF)
(g, SYS_IDENT)
(<, SYM_LSS)
(f, SYS_IDENT)
(then, SYM_THEN)
(f, SYS_IDENT)
(:=, SYM_ASSIGN)
(f, SYS_IDENT)
(-, SYM_MINUS)
(g, SYS_IDENT)
(end, SYM_END)
(;, SYM_SEMICOLON)
(z, SYS_IDENT)
(:=, SYM_ASSIGN)
(f, SYS_IDENT)
(end, SYM_END)
(;, SYM_SEMICOLON)
(procedure, SYM_PROC)
(fact, SYS_IDENT)
(;, SYM_SEMICOLON)
(begin, SYM_BEGIN)
(if, SYM_IF)
(n, SYS_IDENT)
(>, SYM_GTR)
(1, SYS_NUMBER)
(then, SYM_THEN)
(begin, SYM_BEGIN)
(f, SYS_IDENT)
(:=, SYM_ASSIGN)
(n, SYS_IDENT)
(*, SYM_MUL)
(f, SYS_IDENT)
(;, SYM_SEMICOLON)
(n, SYS_IDENT)
(:=, SYM_ASSIGN)
(n, SYS_IDENT)
(-, SYM_MINUS)
(1, SYS_NUMBER)
(;, SYM_SEMICOLON)
(call, SYM_CALL)
(fact, SYS_IDENT)
(end, SYM_END)
(end, SYM_END)
(;, SYM_SEMICOLON)
(begin, SYM_BEGIN)
(read, SYM_READ)
((, SYM_LPAREN)
(x, SYS_IDENT)
(), SYM_RPAREN)
(;, SYM_SEMICOLON)
(read, SYM_READ)
((, SYM_LPAREN)
(y, SYS_IDENT)
(), SYM_RPAREN)
(;, SYM_SEMICOLON)
(call, SYM_CALL)
(multiply, SYS_IDENT)
(;, SYM_SEMICOLON)
(write, SYM_WRITE)
((, SYM_LPAREN)
(z, SYS_IDENT)
(), SYM_RPAREN)
(;, SYM_SEMICOLON)
(read, SYM_READ)
((, SYM_LPAREN)
(x, SYS_IDENT)
(), SYM_RPAREN)
(;, SYM_SEMICOLON)
(read, SYM_READ)
((, SYM_LPAREN)
(y, SYS_IDENT)
(), SYM_RPAREN)
(;, SYM_SEMICOLON)
(call, SYM_CALL)
(divide, SYS_IDENT)
(;, SYM_SEMICOLON)
(write, SYM_WRITE)
((, SYM_LPAREN)
(q, SYS_IDENT)
(), SYM_RPAREN)
(;, SYM_SEMICOLON)
(write, SYM_WRITE)
((, SYM_LPAREN)
(r, SYS_IDENT)
(), SYM_RPAREN)
(;, SYM_SEMICOLON)
(read, SYM_READ)
((, SYM_LPAREN)
(x, SYS_IDENT)
(), SYM_RPAREN)
(;, SYM_SEMICOLON)
(read, SYM_READ)
((, SYM_LPAREN)
(y, SYS_IDENT)
(), SYM_RPAREN)
(;, SYM_SEMICOLON)
(call, SYM_CALL)
(gcd, SYS_IDENT)
(;, SYM_SEMICOLON)
(write, SYM_WRITE)
((, SYM_LPAREN)
(z, SYS_IDENT)
(), SYM_RPAREN)
(;, SYM_SEMICOLON)
(read, SYM_READ)
((, SYM_LPAREN)
(n, SYS_IDENT)
(), SYM_RPAREN)
(;, SYM_SEMICOLON)
(f, SYS_IDENT)
(:=, SYM_ASSIGN)
(1, SYS_NUMBER)
(;, SYM_SEMICOLON)
(call, SYM_CALL)
(fact, SYS_IDENT)
(;, SYM_SEMICOLON)
(write, SYM_WRITE)
((, SYM_LPAREN)
(f, SYS_IDENT)
(), SYM_RPAREN)
(end, SYM_END)
(., SYM_PERIOD)
