(var, SYM_VAR)
(x, SYM_IDENT)
(,, SYM_COMMA)
(y, SYM_IDENT)
(,, SYM_COMMA)
(z, SYM_IDENT)
(,, SYM_COMMA)
(q, SYM_IDENT)
(,, SYM_COMMA)
(r, SYM_IDENT)
(,, SYM_COMMA)
(n, SYM_IDENT)
(,, SYM_COMMA)
(f, SYM_IDENT)
(;, SYM_SEMICOLON)
(procedure, SYM_PROC)
(multiply, SYM_IDENT)
(;, SYM_SEMICOLON)
(var, SYM_VAR)
(a, SYM_IDENT)
(,, SYM_COMMA)
(b, SYM_IDENT)
(;, SYM_SEMICOLON)
(begin, SYM_BEGIN)
(a, SYM_IDENT)
(:=, SYM_ASSIGN)
(x, SYM_IDENT)
(;, SYM_SEMICOLON)
(b, SYM_IDENT)
(:=, SYM_ASSIGN)
(y, SYM_IDENT)
(;, SYM_SEMICOLON)
(z, SYM_IDENT)
(:=, SYM_ASSIGN)
(x, SYM_IDENT)
(*, SYM_MUL)
(y, SYM_IDENT)
(end, SYM_END)
(;, SYM_SEMICOLON)
(procedure, SYM_PROC)
(divide, SYM_IDENT)
(;, SYM_SEMICOLON)
(var, SYM_VAR)
(w, SYM_IDENT)
(;, SYM_SEMICOLON)
(begin, SYM_BEGIN)
(r, SYM_IDENT)
(:=, SYM_ASSIGN)
(x, SYM_IDENT)
(;, SYM_SEMICOLON)
(q, SYM_IDENT)
(:=, SYM_ASSIGN)
(0, SYM_NUMBER)
(;, SYM_SEMICOLON)
(w, SYM_IDENT)
(:=, SYM_ASSIGN)
(y, SYM_IDENT)
(;, SYM_SEMICOLON)
(while, SYM_WHILE)
(w, SYM_IDENT)
(<=, SYM_LEQ)
(r, SYM_IDENT)
(do, SYM_DO)
(w, SYM_IDENT)
(:=, SYM_ASSIGN)
(2, SYM_NUMBER)
(*, SYM_MUL)
(w, SYM_IDENT)
(;, SYM_SEMICOLON)
(while, SYM_WHILE)
(w, SYM_IDENT)
(>, SYM_GTR)
(y, SYM_IDENT)
(do, SYM_DO)
(begin, SYM_BEGIN)
(q, SYM_IDENT)
(:=, SYM_ASSIGN)
(2, SYM_NUMBER)
(*, SYM_MUL)
(q, SYM_IDENT)
(;, SYM_SEMICOLON)
(w, SYM_IDENT)
(:=, SYM_ASSIGN)
(w, SYM_IDENT)
(/, SYM_DIV)
(2, SYM_NUMBER)
(;, SYM_SEMICOLON)
(if, SYM_IF)
(w, SYM_IDENT)
(<=, SYM_LEQ)
(r, SYM_IDENT)
(then, SYM_THEN)
(begin, SYM_BEGIN)
(r, SYM_IDENT)
(:=, SYM_ASSIGN)
(r, SYM_IDENT)
(-, SYM_MINUS)
(w, SYM_IDENT)
(;, SYM_SEMICOLON)
(q, SYM_IDENT)
(:=, SYM_ASSIGN)
(q, SYM_IDENT)
(+, SYM_PLUS)
(1, SYM_NUMBER)
(end, SYM_END)
(end, SYM_END)
(end, SYM_END)
(;, SYM_SEMICOLON)
(procedure, SYM_PROC)
(gcd, SYM_IDENT)
(;, SYM_SEMICOLON)
(var, SYM_VAR)
(g, SYM_IDENT)
(;, SYM_SEMICOLON)
(begin, SYM_BEGIN)
(f, SYM_IDENT)
(:=, SYM_ASSIGN)
(x, SYM_IDENT)
(;, SYM_SEMICOLON)
(g, SYM_IDENT)
(:=, SYM_ASSIGN)
(y, SYM_IDENT)
(;, SYM_SEMICOLON)
(while, SYM_WHILE)
(f, SYM_IDENT)
(#, SYM_NEQ)
(g, SYM_IDENT)
(do, SYM_DO)
(begin, SYM_BEGIN)
(if, SYM_IF)
(f, SYM_IDENT)
(<, SYM_LSS)
(g, SYM_IDENT)
(then, SYM_THEN)
(g, SYM_IDENT)
(:=, SYM_ASSIGN)
(g, SYM_IDENT)
(-, SYM_MINUS)
(f, SYM_IDENT)
(;, SYM_SEMICOLON)
(if, SYM_IF)
(g, SYM_IDENT)
(<, SYM_LSS)
(f, SYM_IDENT)
(then, SYM_THEN)
(f, SYM_IDENT)
(:=, SYM_ASSIGN)
(f, SYM_IDENT)
(-, SYM_MINUS)
(g, SYM_IDENT)
(end, SYM_END)
(;, SYM_SEMICOLON)
(z, SYM_IDENT)
(:=, SYM_ASSIGN)
(f, SYM_IDENT)
(end, SYM_END)
(;, SYM_SEMICOLON)
(procedure, SYM_PROC)
(fact, SYM_IDENT)
(;, SYM_SEMICOLON)
(begin, SYM_BEGIN)
(if, SYM_IF)
(n, SYM_IDENT)
(>, SYM_GTR)
(1, SYM_NUMBER)
(then, SYM_THEN)
(begin, SYM_BEGIN)
(f, SYM_IDENT)
(:=, SYM_ASSIGN)
(n, SYM_IDENT)
(*, SYM_MUL)
(f, SYM_IDENT)
(;, SYM_SEMICOLON)
(n, SYM_IDENT)
(:=, SYM_ASSIGN)
(n, SYM_IDENT)
(-, SYM_MINUS)
(1, SYM_NUMBER)
(;, SYM_SEMICOLON)
(call, SYM_CALL)
(fact, SYM_IDENT)
(end, SYM_END)
(end, SYM_END)
(;, SYM_SEMICOLON)
(begin, SYM_BEGIN)
(read, SYM_READ)
((, SYM_LPAREN)
(x, SYM_IDENT)
(), SYM_RPAREN)
(;, SYM_SEMICOLON)
(read, SYM_READ)
((, SYM_LPAREN)
(y, SYM_IDENT)
(), SYM_RPAREN)
(;, SYM_SEMICOLON)
(call, SYM_CALL)
(multiply, SYM_IDENT)
(;, SYM_SEMICOLON)
(write, SYM_WRITE)
((, SYM_LPAREN)
(z, SYM_IDENT)
(), SYM_RPAREN)
(;, SYM_SEMICOLON)
(read, SYM_READ)
((, SYM_LPAREN)
(x, SYM_IDENT)
(), SYM_RPAREN)
(;, SYM_SEMICOLON)
(read, SYM_READ)
((, SYM_LPAREN)
(y, SYM_IDENT)
(), SYM_RPAREN)
(;, SYM_SEMICOLON)
(call, SYM_CALL)
(divide, SYM_IDENT)
(;, SYM_SEMICOLON)
(write, SYM_WRITE)
((, SYM_LPAREN)
(q, SYM_IDENT)
(), SYM_RPAREN)
(;, SYM_SEMICOLON)
(write, SYM_WRITE)
((, SYM_LPAREN)
(r, SYM_IDENT)
(), SYM_RPAREN)
(;, SYM_SEMICOLON)
(read, SYM_READ)
((, SYM_LPAREN)
(x, SYM_IDENT)
(), SYM_RPAREN)
(;, SYM_SEMICOLON)
(read, SYM_READ)
((, SYM_LPAREN)
(y, SYM_IDENT)
(), SYM_RPAREN)
(;, SYM_SEMICOLON)
(call, SYM_CALL)
(gcd, SYM_IDENT)
(;, SYM_SEMICOLON)
(write, SYM_WRITE)
((, SYM_LPAREN)
(z, SYM_IDENT)
(), SYM_RPAREN)
(;, SYM_SEMICOLON)
(read, SYM_READ)
((, SYM_LPAREN)
(n, SYM_IDENT)
(), SYM_RPAREN)
(;, SYM_SEMICOLON)
(f, SYM_IDENT)
(:=, SYM_ASSIGN)
(1, SYM_NUMBER)
(;, SYM_SEMICOLON)
(call, SYM_CALL)
(fact, SYM_IDENT)
(;, SYM_SEMICOLON)
(write, SYM_WRITE)
((, SYM_LPAREN)
(f, SYM_IDENT)
(), SYM_RPAREN)
(end, SYM_END)
(., SYM_PERIOD)
