PC: 0
BP: 0
Instruction: ( JMP, 0, 19 )
=== Stack ===
	0: 0
	1: 0
	2: 0

PC: 19
BP: 0
Instruction: ( INT, 0, 6 )
=== Stack ===
	0: 0
	1: 0
	2: 0
	3: 0
	4: 0
	5: 0

PC: 20
BP: 0
Instruction: ( OPR, 0, READ )
=== Stack ===
	0: 0
	1: 0
	2: 0
	3: 0
	4: 0
	5: 0
	6: 1

PC: 21
BP: 0
Instruction: ( STO, 0, 4 )
=== Stack ===
	0: 0
	1: 0
	2: 0
	3: 0
	4: 1
	5: 0

PC: 22
BP: 0
Instruction: ( OPR, 0, READ )
=== Stack ===
	0: 0
	1: 0
	2: 0
	3: 0
	4: 1
	5: 0
	6: 5

PC: 23
BP: 0
Instruction: ( STO, 0, 5 )
=== Stack ===
	0: 0
	1: 0
	2: 0
	3: 0
	4: 1
	5: 5

PC: 24
BP: 0
Instruction: ( LOD, 0, 4 )
=== Stack ===
	0: 0
	1: 0
	2: 0
	3: 0
	4: 1
	5: 5
	6: 1

PC: 25
BP: 0
Instruction: ( OPR, 0, WRITE )
=== Stack ===
	0: 0
	1: 0
	2: 0
	3: 0
	4: 1
	5: 5

PC: 26
BP: 0
Instruction: ( LOD, 0, 5 )
=== Stack ===
	0: 0
	1: 0
	2: 0
	3: 0
	4: 1
	5: 5
	6: 5

PC: 27
BP: 0
Instruction: ( OPR, 0, WRITE )
=== Stack ===
	0: 0
	1: 0
	2: 0
	3: 0
	4: 1
	5: 5

PC: 28
BP: 0
Instruction: ( LOD, 0, 3 )
=== Stack ===
	0: 0
	1: 0
	2: 0
	3: 0
	4: 1
	5: 5
	6: 0

PC: 29
BP: 0
Instruction: ( OPR, 0, WRITE )
=== Stack ===
	0: 0
	1: 0
	2: 0
	3: 0
	4: 1
	5: 5

PC: 30
BP: 0
Instruction: ( CAL, 0, 1 )
=== Stack ===
	0: 0
	1: 0
	2: 0
	3: 0
	4: 1
	5: 5
	6: 31
	7: 0
	8: 0

PC: 1
BP: 6
Instruction: ( INT, 0, 4 )
=== Stack ===
	0: 0
	1: 0
	2: 0
	3: 0
	4: 1
	5: 5
	6: 31
	7: 0
	8: 0
	9: 0

PC: 2
BP: 6
Instruction: ( LIT, 0, 10 )
=== Stack ===
	0: 0
	1: 0
	2: 0
	3: 0
	4: 1
	5: 5
	6: 31
	7: 0
	8: 0
	9: 0
	10: 10

PC: 3
BP: 6
Instruction: ( LIT, 0, 2 )
=== Stack ===
	0: 0
	1: 0
	2: 0
	3: 0
	4: 1
	5: 5
	6: 31
	7: 0
	8: 0
	9: 0
	10: 10
	11: 2

PC: 4
BP: 6
Instruction: ( OPR, 0, MUL )
=== Stack ===
	0: 0
	1: 0
	2: 0
	3: 0
	4: 1
	5: 5
	6: 31
	7: 0
	8: 0
	9: 0
	10: 20

PC: 5
BP: 6
Instruction: ( STO, 1, 3 )
=== Stack ===
	0: 0
	1: 0
	2: 0
	3: 20
	4: 1
	5: 5
	6: 31
	7: 0
	8: 0
	9: 0

PC: 6
BP: 6
Instruction: ( LIT, 0, 10 )
=== Stack ===
	0: 0
	1: 0
	2: 0
	3: 20
	4: 1
	5: 5
	6: 31
	7: 0
	8: 0
	9: 0
	10: 10

PC: 7
BP: 6
Instruction: ( LIT, 0, 3 )
=== Stack ===
	0: 0
	1: 0
	2: 0
	3: 20
	4: 1
	5: 5
	6: 31
	7: 0
	8: 0
	9: 0
	10: 10
	11: 3

PC: 8
BP: 6
Instruction: ( OPR, 0, DIV )
=== Stack ===
	0: 0
	1: 0
	2: 0
	3: 20
	4: 1
	5: 5
	6: 31
	7: 0
	8: 0
	9: 0
	10: 3

PC: 9
BP: 6
Instruction: ( STO, 1, 4 )
=== Stack ===
	0: 0
	1: 0
	2: 0
	3: 20
	4: 3
	5: 5
	6: 31
	7: 0
	8: 0
	9: 0

PC: 10
BP: 6
Instruction: ( LOD, 1, 3 )
=== Stack ===
	0: 0
	1: 0
	2: 0
	3: 20
	4: 3
	5: 5
	6: 31
	7: 0
	8: 0
	9: 0
	10: 20

PC: 11
BP: 6
Instruction: ( LOD, 1, 4 )
=== Stack ===
	0: 0
	1: 0
	2: 0
	3: 20
	4: 3
	5: 5
	6: 31
	7: 0
	8: 0
	9: 0
	10: 20
	11: 3

PC: 12
BP: 6
Instruction: ( OPR, 0, LEQ )
=== Stack ===
	0: 0
	1: 0
	2: 0
	3: 20
	4: 3
	5: 5
	6: 31
	7: 0
	8: 0
	9: 0
	10: 0

PC: 13
BP: 6
Instruction: ( JPC, 0, 18 )
=== Stack ===
	0: 0
	1: 0
	2: 0
	3: 20
	4: 3
	5: 5
	6: 31
	7: 0
	8: 0
	9: 0

PC: 18
BP: 6
Instruction: ( OPR, 0, END )
=== Stack ===
	0: 0
	1: 0
	2: 0
	3: 20
	4: 3
	5: 5

PC: 31
BP: 0
Instruction: ( LOD, 0, 3 )
=== Stack ===
	0: 0
	1: 0
	2: 0
	3: 20
	4: 3
	5: 5
	6: 20

PC: 32
BP: 0
Instruction: ( OPR, 0, ODD )
=== Stack ===
	0: 0
	1: 0
	2: 0
	3: 20
	4: 3
	5: 5
	6: 0

PC: 33
BP: 0
Instruction: ( JPC, 0, 40 )
=== Stack ===
	0: 0
	1: 0
	2: 0
	3: 20
	4: 3
	5: 5

