PC: 0
BP: 0
Instruction: ( JMP, 0, 97 )
=== Stack ===
	0: 0
	1: 0
	2: 0

PC: 97
BP: 0
Instruction: ( INT, 0, 10 )
=== Stack ===
	0: 0
	1: 0
	2: 0
	3: 0
	4: 0
	5: 0
	6: 0
	7: 0
	8: 0
	9: 0

PC: 98
BP: 0
Instruction: ( OPR, 0, READ )
=== Stack ===
	0: 0
	1: 0
	2: 0
	3: 0
	4: 0
	5: 0
	6: 0
	7: 0
	8: 0
	9: 0
	10: 6

PC: 99
BP: 0
Instruction: ( STO, 0, 3 )
=== Stack ===
	0: 0
	1: 0
	2: 0
	3: 6
	4: 0
	5: 0
	6: 0
	7: 0
	8: 0
	9: 0

PC: 100
BP: 0
Instruction: ( OPR, 0, READ )
=== Stack ===
	0: 0
	1: 0
	2: 0
	3: 6
	4: 0
	5: 0
	6: 0
	7: 0
	8: 0
	9: 0
	10: 6

PC: 101
BP: 0
Instruction: ( STO, 0, 4 )
=== Stack ===
	0: 0
	1: 0
	2: 0
	3: 6
	4: 6
	5: 0
	6: 0
	7: 0
	8: 0
	9: 0

PC: 102
BP: 0
Instruction: ( CAL, 0, 1 )
=== Stack ===
	0: 0
	1: 0
	2: 0
	3: 6
	4: 6
	5: 0
	6: 0
	7: 0
	8: 0
	9: 0
	10: 103
	11: 0
	12: 0

PC: 1
BP: 10
Instruction: ( INT, 0, 5 )
=== Stack ===
	0: 0
	1: 0
	2: 0
	3: 6
	4: 6
	5: 0
	6: 0
	7: 0
	8: 0
	9: 0
	10: 103
	11: 0
	12: 0
	13: 0
	14: 0

PC: 2
BP: 10
Instruction: ( LOD, 1, 3 )
=== Stack ===
	0: 0
	1: 0
	2: 0
	3: 6
	4: 6
	5: 0
	6: 0
	7: 0
	8: 0
	9: 0
	10: 103
	11: 0
	12: 0
	13: 0
	14: 0
	15: 6

PC: 3
BP: 10
Instruction: ( STO, 0, 3 )
=== Stack ===
	0: 0
	1: 0
	2: 0
	3: 6
	4: 6
	5: 0
	6: 0
	7: 0
	8: 0
	9: 0
	10: 103
	11: 0
	12: 0
	13: 6
	14: 0

PC: 4
BP: 10
Instruction: ( LOD, 1, 4 )
=== Stack ===
	0: 0
	1: 0
	2: 0
	3: 6
	4: 6
	5: 0
	6: 0
	7: 0
	8: 0
	9: 0
	10: 103
	11: 0
	12: 0
	13: 6
	14: 0
	15: 6

PC: 5
BP: 10
Instruction: ( STO, 0, 4 )
=== Stack ===
	0: 0
	1: 0
	2: 0
	3: 6
	4: 6
	5: 0
	6: 0
	7: 0
	8: 0
	9: 0
	10: 103
	11: 0
	12: 0
	13: 6
	14: 6

PC: 6
BP: 10
Instruction: ( LOD, 1, 3 )
=== Stack ===
	0: 0
	1: 0
	2: 0
	3: 6
	4: 6
	5: 0
	6: 0
	7: 0
	8: 0
	9: 0
	10: 103
	11: 0
	12: 0
	13: 6
	14: 6
	15: 6

PC: 7
BP: 10
Instruction: ( LOD, 1, 4 )
=== Stack ===
	0: 0
	1: 0
	2: 0
	3: 6
	4: 6
	5: 0
	6: 0
	7: 0
	8: 0
	9: 0
	10: 103
	11: 0
	12: 0
	13: 6
	14: 6
	15: 6
	16: 6

PC: 8
BP: 10
Instruction: ( OPR, 0, MUL )
=== Stack ===
	0: 0
	1: 0
	2: 0
	3: 6
	4: 6
	5: 0
	6: 0
	7: 0
	8: 0
	9: 0
	10: 103
	11: 0
	12: 0
	13: 6
	14: 6
	15: 36

PC: 9
BP: 10
Instruction: ( STO, 1, 5 )
=== Stack ===
	0: 0
	1: 0
	2: 0
	3: 6
	4: 6
	5: 36
	6: 0
	7: 0
	8: 0
	9: 0
	10: 103
	11: 0
	12: 0
	13: 6
	14: 6

PC: 10
BP: 10
Instruction: ( OPR, 0, END )
=== Stack ===
	0: 0
	1: 0
	2: 0
	3: 6
	4: 6
	5: 36
	6: 0
	7: 0
	8: 0
	9: 0

PC: 103
BP: 0
Instruction: ( LOD, 0, 5 )
=== Stack ===
	0: 0
	1: 0
	2: 0
	3: 6
	4: 6
	5: 36
	6: 0
	7: 0
	8: 0
	9: 0
	10: 36

PC: 104
BP: 0
Instruction: ( OPR, 0, WRITE )
=== Stack ===
	0: 0
	1: 0
	2: 0
	3: 6
	4: 6
	5: 36
	6: 0
	7: 0
	8: 0
	9: 0

PC: 105
BP: 0
Instruction: ( OPR, 0, READ )
=== Stack ===
	0: 0
	1: 0
	2: 0
	3: 6
	4: 6
	5: 36
	6: 0
	7: 0
	8: 0
	9: 0
	10: 7

PC: 106
BP: 0
Instruction: ( STO, 0, 3 )
=== Stack ===
	0: 0
	1: 0
	2: 0
	3: 7
	4: 6
	5: 36
	6: 0
	7: 0
	8: 0
	9: 0

PC: 107
BP: 0
Instruction: ( OPR, 0, READ )
=== Stack ===
	0: 0
	1: 0
	2: 0
	3: 7
	4: 6
	5: 36
	6: 0
	7: 0
	8: 0
	9: 0
	10: 3

PC: 108
BP: 0
Instruction: ( STO, 0, 4 )
=== Stack ===
	0: 0
	1: 0
	2: 0
	3: 7
	4: 3
	5: 36
	6: 0
	7: 0
	8: 0
	9: 0

PC: 109
BP: 0
Instruction: ( CAL, 0, 11 )
=== Stack ===
	0: 0
	1: 0
	2: 0
	3: 7
	4: 3
	5: 36
	6: 0
	7: 0
	8: 0
	9: 0
	10: 110
	11: 0
	12: 0

PC: 11
BP: 10
Instruction: ( INT, 0, 4 )
=== Stack ===
	0: 0
	1: 0
	2: 0
	3: 7
	4: 3
	5: 36
	6: 0
	7: 0
	8: 0
	9: 0
	10: 110
	11: 0
	12: 0
	13: 0

PC: 12
BP: 10
Instruction: ( LOD, 1, 3 )
=== Stack ===
	0: 0
	1: 0
	2: 0
	3: 7
	4: 3
	5: 36
	6: 0
	7: 0
	8: 0
	9: 0
	10: 110
	11: 0
	12: 0
	13: 0
	14: 7

PC: 13
BP: 10
Instruction: ( STO, 1, 7 )
=== Stack ===
	0: 0
	1: 0
	2: 0
	3: 7
	4: 3
	5: 36
	6: 0
	7: 7
	8: 0
	9: 0
	10: 110
	11: 0
	12: 0
	13: 0

PC: 14
BP: 10
Instruction: ( LIT, 0, 0 )
=== Stack ===
	0: 0
	1: 0
	2: 0
	3: 7
	4: 3
	5: 36
	6: 0
	7: 7
	8: 0
	9: 0
	10: 110
	11: 0
	12: 0
	13: 0
	14: 0

PC: 15
BP: 10
Instruction: ( STO, 1, 6 )
=== Stack ===
	0: 0
	1: 0
	2: 0
	3: 7
	4: 3
	5: 36
	6: 0
	7: 7
	8: 0
	9: 0
	10: 110
	11: 0
	12: 0
	13: 0

PC: 16
BP: 10
Instruction: ( LOD, 1, 4 )
=== Stack ===
	0: 0
	1: 0
	2: 0
	3: 7
	4: 3
	5: 36
	6: 0
	7: 7
	8: 0
	9: 0
	10: 110
	11: 0
	12: 0
	13: 0
	14: 3

PC: 17
BP: 10
Instruction: ( STO, 0, 3 )
=== Stack ===
	0: 0
	1: 0
	2: 0
	3: 7
	4: 3
	5: 36
	6: 0
	7: 7
	8: 0
	9: 0
	10: 110
	11: 0
	12: 0
	13: 3

PC: 18
BP: 10
Instruction: ( LOD, 0, 3 )
=== Stack ===
	0: 0
	1: 0
	2: 0
	3: 7
	4: 3
	5: 36
	6: 0
	7: 7
	8: 0
	9: 0
	10: 110
	11: 0
	12: 0
	13: 3
	14: 3

PC: 19
BP: 10
Instruction: ( LOD, 1, 7 )
=== Stack ===
	0: 0
	1: 0
	2: 0
	3: 7
	4: 3
	5: 36
	6: 0
	7: 7
	8: 0
	9: 0
	10: 110
	11: 0
	12: 0
	13: 3
	14: 3
	15: 7

PC: 20
BP: 10
Instruction: ( OPR, 0, LEQ )
=== Stack ===
	0: 0
	1: 0
	2: 0
	3: 7
	4: 3
	5: 36
	6: 0
	7: 7
	8: 0
	9: 0
	10: 110
	11: 0
	12: 0
	13: 3
	14: 1

PC: 21
BP: 10
Instruction: ( JPC, 0, 27 )
=== Stack ===
	0: 0
	1: 0
	2: 0
	3: 7
	4: 3
	5: 36
	6: 0
	7: 7
	8: 0
	9: 0
	10: 110
	11: 0
	12: 0
	13: 3

PC: 22
BP: 10
Instruction: ( LIT, 0, 2 )
=== Stack ===
	0: 0
	1: 0
	2: 0
	3: 7
	4: 3
	5: 36
	6: 0
	7: 7
	8: 0
	9: 0
	10: 110
	11: 0
	12: 0
	13: 3
	14: 2

PC: 23
BP: 10
Instruction: ( LOD, 0, 3 )
=== Stack ===
	0: 0
	1: 0
	2: 0
	3: 7
	4: 3
	5: 36
	6: 0
	7: 7
	8: 0
	9: 0
	10: 110
	11: 0
	12: 0
	13: 3
	14: 2
	15: 3

PC: 24
BP: 10
Instruction: ( OPR, 0, MUL )
=== Stack ===
	0: 0
	1: 0
	2: 0
	3: 7
	4: 3
	5: 36
	6: 0
	7: 7
	8: 0
	9: 0
	10: 110
	11: 0
	12: 0
	13: 3
	14: 6

PC: 25
BP: 10
Instruction: ( STO, 0, 3 )
=== Stack ===
	0: 0
	1: 0
	2: 0
	3: 7
	4: 3
	5: 36
	6: 0
	7: 7
	8: 0
	9: 0
	10: 110
	11: 0
	12: 0
	13: 6

PC: 26
BP: 10
Instruction: ( JMP, 0, 18 )
=== Stack ===
	0: 0
	1: 0
	2: 0
	3: 7
	4: 3
	5: 36
	6: 0
	7: 7
	8: 0
	9: 0
	10: 110
	11: 0
	12: 0
	13: 6

PC: 18
BP: 10
Instruction: ( LOD, 0, 3 )
=== Stack ===
	0: 0
	1: 0
	2: 0
	3: 7
	4: 3
	5: 36
	6: 0
	7: 7
	8: 0
	9: 0
	10: 110
	11: 0
	12: 0
	13: 6
	14: 6

PC: 19
BP: 10
Instruction: ( LOD, 1, 7 )
=== Stack ===
	0: 0
	1: 0
	2: 0
	3: 7
	4: 3
	5: 36
	6: 0
	7: 7
	8: 0
	9: 0
	10: 110
	11: 0
	12: 0
	13: 6
	14: 6
	15: 7

PC: 20
BP: 10
Instruction: ( OPR, 0, LEQ )
=== Stack ===
	0: 0
	1: 0
	2: 0
	3: 7
	4: 3
	5: 36
	6: 0
	7: 7
	8: 0
	9: 0
	10: 110
	11: 0
	12: 0
	13: 6
	14: 1

PC: 21
BP: 10
Instruction: ( JPC, 0, 27 )
=== Stack ===
	0: 0
	1: 0
	2: 0
	3: 7
	4: 3
	5: 36
	6: 0
	7: 7
	8: 0
	9: 0
	10: 110
	11: 0
	12: 0
	13: 6

PC: 22
BP: 10
Instruction: ( LIT, 0, 2 )
=== Stack ===
	0: 0
	1: 0
	2: 0
	3: 7
	4: 3
	5: 36
	6: 0
	7: 7
	8: 0
	9: 0
	10: 110
	11: 0
	12: 0
	13: 6
	14: 2

PC: 23
BP: 10
Instruction: ( LOD, 0, 3 )
=== Stack ===
	0: 0
	1: 0
	2: 0
	3: 7
	4: 3
	5: 36
	6: 0
	7: 7
	8: 0
	9: 0
	10: 110
	11: 0
	12: 0
	13: 6
	14: 2
	15: 6

PC: 24
BP: 10
Instruction: ( OPR, 0, MUL )
=== Stack ===
	0: 0
	1: 0
	2: 0
	3: 7
	4: 3
	5: 36
	6: 0
	7: 7
	8: 0
	9: 0
	10: 110
	11: 0
	12: 0
	13: 6
	14: 12

PC: 25
BP: 10
Instruction: ( STO, 0, 3 )
=== Stack ===
	0: 0
	1: 0
	2: 0
	3: 7
	4: 3
	5: 36
	6: 0
	7: 7
	8: 0
	9: 0
	10: 110
	11: 0
	12: 0
	13: 12

PC: 26
BP: 10
Instruction: ( JMP, 0, 18 )
=== Stack ===
	0: 0
	1: 0
	2: 0
	3: 7
	4: 3
	5: 36
	6: 0
	7: 7
	8: 0
	9: 0
	10: 110
	11: 0
	12: 0
	13: 12

PC: 18
BP: 10
Instruction: ( LOD, 0, 3 )
=== Stack ===
	0: 0
	1: 0
	2: 0
	3: 7
	4: 3
	5: 36
	6: 0
	7: 7
	8: 0
	9: 0
	10: 110
	11: 0
	12: 0
	13: 12
	14: 12

PC: 19
BP: 10
Instruction: ( LOD, 1, 7 )
=== Stack ===
	0: 0
	1: 0
	2: 0
	3: 7
	4: 3
	5: 36
	6: 0
	7: 7
	8: 0
	9: 0
	10: 110
	11: 0
	12: 0
	13: 12
	14: 12
	15: 7

PC: 20
BP: 10
Instruction: ( OPR, 0, LEQ )
=== Stack ===
	0: 0
	1: 0
	2: 0
	3: 7
	4: 3
	5: 36
	6: 0
	7: 7
	8: 0
	9: 0
	10: 110
	11: 0
	12: 0
	13: 12
	14: 0

PC: 21
BP: 10
Instruction: ( JPC, 0, 27 )
=== Stack ===
	0: 0
	1: 0
	2: 0
	3: 7
	4: 3
	5: 36
	6: 0
	7: 7
	8: 0
	9: 0
	10: 110
	11: 0
	12: 0
	13: 12

PC: 27
BP: 10
Instruction: ( LOD, 0, 3 )
=== Stack ===
	0: 0
	1: 0
	2: 0
	3: 7
	4: 3
	5: 36
	6: 0
	7: 7
	8: 0
	9: 0
	10: 110
	11: 0
	12: 0
	13: 12
	14: 12

PC: 28
BP: 10
Instruction: ( LOD, 1, 4 )
=== Stack ===
	0: 0
	1: 0
	2: 0
	3: 7
	4: 3
	5: 36
	6: 0
	7: 7
	8: 0
	9: 0
	10: 110
	11: 0
	12: 0
	13: 12
	14: 12
	15: 3

PC: 29
BP: 10
Instruction: ( OPR, 0, GTR )
=== Stack ===
	0: 0
	1: 0
	2: 0
	3: 7
	4: 3
	5: 36
	6: 0
	7: 7
	8: 0
	9: 0
	10: 110
	11: 0
	12: 0
	13: 12
	14: 1

PC: 30
BP: 10
Instruction: ( JPC, 0, 52 )
=== Stack ===
	0: 0
	1: 0
	2: 0
	3: 7
	4: 3
	5: 36
	6: 0
	7: 7
	8: 0
	9: 0
	10: 110
	11: 0
	12: 0
	13: 12

PC: 31
BP: 10
Instruction: ( LIT, 0, 2 )
=== Stack ===
	0: 0
	1: 0
	2: 0
	3: 7
	4: 3
	5: 36
	6: 0
	7: 7
	8: 0
	9: 0
	10: 110
	11: 0
	12: 0
	13: 12
	14: 2

PC: 32
BP: 10
Instruction: ( LOD, 1, 6 )
=== Stack ===
	0: 0
	1: 0
	2: 0
	3: 7
	4: 3
	5: 36
	6: 0
	7: 7
	8: 0
	9: 0
	10: 110
	11: 0
	12: 0
	13: 12
	14: 2
	15: 0

PC: 33
BP: 10
Instruction: ( OPR, 0, MUL )
=== Stack ===
	0: 0
	1: 0
	2: 0
	3: 7
	4: 3
	5: 36
	6: 0
	7: 7
	8: 0
	9: 0
	10: 110
	11: 0
	12: 0
	13: 12
	14: 0

PC: 34
BP: 10
Instruction: ( STO, 1, 6 )
=== Stack ===
	0: 0
	1: 0
	2: 0
	3: 7
	4: 3
	5: 36
	6: 0
	7: 7
	8: 0
	9: 0
	10: 110
	11: 0
	12: 0
	13: 12

PC: 35
BP: 10
Instruction: ( LOD, 0, 3 )
=== Stack ===
	0: 0
	1: 0
	2: 0
	3: 7
	4: 3
	5: 36
	6: 0
	7: 7
	8: 0
	9: 0
	10: 110
	11: 0
	12: 0
	13: 12
	14: 12

PC: 36
BP: 10
Instruction: ( LIT, 0, 2 )
=== Stack ===
	0: 0
	1: 0
	2: 0
	3: 7
	4: 3
	5: 36
	6: 0
	7: 7
	8: 0
	9: 0
	10: 110
	11: 0
	12: 0
	13: 12
	14: 12
	15: 2

PC: 37
BP: 10
Instruction: ( OPR, 0, DIV )
=== Stack ===
	0: 0
	1: 0
	2: 0
	3: 7
	4: 3
	5: 36
	6: 0
	7: 7
	8: 0
	9: 0
	10: 110
	11: 0
	12: 0
	13: 12
	14: 6

PC: 38
BP: 10
Instruction: ( STO, 0, 3 )
=== Stack ===
	0: 0
	1: 0
	2: 0
	3: 7
	4: 3
	5: 36
	6: 0
	7: 7
	8: 0
	9: 0
	10: 110
	11: 0
	12: 0
	13: 6

PC: 39
BP: 10
Instruction: ( LOD, 0, 3 )
=== Stack ===
	0: 0
	1: 0
	2: 0
	3: 7
	4: 3
	5: 36
	6: 0
	7: 7
	8: 0
	9: 0
	10: 110
	11: 0
	12: 0
	13: 6
	14: 6

PC: 40
BP: 10
Instruction: ( LOD, 1, 7 )
=== Stack ===
	0: 0
	1: 0
	2: 0
	3: 7
	4: 3
	5: 36
	6: 0
	7: 7
	8: 0
	9: 0
	10: 110
	11: 0
	12: 0
	13: 6
	14: 6
	15: 7

PC: 41
BP: 10
Instruction: ( OPR, 0, LEQ )
=== Stack ===
	0: 0
	1: 0
	2: 0
	3: 7
	4: 3
	5: 36
	6: 0
	7: 7
	8: 0
	9: 0
	10: 110
	11: 0
	12: 0
	13: 6
	14: 1

PC: 42
BP: 10
Instruction: ( JPC, 0, 51 )
=== Stack ===
	0: 0
	1: 0
	2: 0
	3: 7
	4: 3
	5: 36
	6: 0
	7: 7
	8: 0
	9: 0
	10: 110
	11: 0
	12: 0
	13: 6

PC: 43
BP: 10
Instruction: ( LOD, 1, 7 )
=== Stack ===
	0: 0
	1: 0
	2: 0
	3: 7
	4: 3
	5: 36
	6: 0
	7: 7
	8: 0
	9: 0
	10: 110
	11: 0
	12: 0
	13: 6
	14: 7

PC: 44
BP: 10
Instruction: ( LOD, 0, 3 )
=== Stack ===
	0: 0
	1: 0
	2: 0
	3: 7
	4: 3
	5: 36
	6: 0
	7: 7
	8: 0
	9: 0
	10: 110
	11: 0
	12: 0
	13: 6
	14: 7
	15: 6

PC: 45
BP: 10
Instruction: ( OPR, 0, SUB )
=== Stack ===
	0: 0
	1: 0
	2: 0
	3: 7
	4: 3
	5: 36
	6: 0
	7: 7
	8: 0
	9: 0
	10: 110
	11: 0
	12: 0
	13: 6
	14: 1

PC: 46
BP: 10
Instruction: ( STO, 1, 7 )
=== Stack ===
	0: 0
	1: 0
	2: 0
	3: 7
	4: 3
	5: 36
	6: 0
	7: 1
	8: 0
	9: 0
	10: 110
	11: 0
	12: 0
	13: 6

PC: 47
BP: 10
Instruction: ( LOD, 1, 6 )
=== Stack ===
	0: 0
	1: 0
	2: 0
	3: 7
	4: 3
	5: 36
	6: 0
	7: 1
	8: 0
	9: 0
	10: 110
	11: 0
	12: 0
	13: 6
	14: 0

PC: 48
BP: 10
Instruction: ( LIT, 0, 1 )
=== Stack ===
	0: 0
	1: 0
	2: 0
	3: 7
	4: 3
	5: 36
	6: 0
	7: 1
	8: 0
	9: 0
	10: 110
	11: 0
	12: 0
	13: 6
	14: 0
	15: 1

PC: 49
BP: 10
Instruction: ( OPR, 0, ADD )
=== Stack ===
	0: 0
	1: 0
	2: 0
	3: 7
	4: 3
	5: 36
	6: 0
	7: 1
	8: 0
	9: 0
	10: 110
	11: 0
	12: 0
	13: 6
	14: 1

PC: 50
BP: 10
Instruction: ( STO, 1, 6 )
=== Stack ===
	0: 0
	1: 0
	2: 0
	3: 7
	4: 3
	5: 36
	6: 1
	7: 1
	8: 0
	9: 0
	10: 110
	11: 0
	12: 0
	13: 6

PC: 51
BP: 10
Instruction: ( JMP, 0, 27 )
=== Stack ===
	0: 0
	1: 0
	2: 0
	3: 7
	4: 3
	5: 36
	6: 1
	7: 1
	8: 0
	9: 0
	10: 110
	11: 0
	12: 0
	13: 6

PC: 27
BP: 10
Instruction: ( LOD, 0, 3 )
=== Stack ===
	0: 0
	1: 0
	2: 0
	3: 7
	4: 3
	5: 36
	6: 1
	7: 1
	8: 0
	9: 0
	10: 110
	11: 0
	12: 0
	13: 6
	14: 6

PC: 28
BP: 10
Instruction: ( LOD, 1, 4 )
=== Stack ===
	0: 0
	1: 0
	2: 0
	3: 7
	4: 3
	5: 36
	6: 1
	7: 1
	8: 0
	9: 0
	10: 110
	11: 0
	12: 0
	13: 6
	14: 6
	15: 3

PC: 29
BP: 10
Instruction: ( OPR, 0, GTR )
=== Stack ===
	0: 0
	1: 0
	2: 0
	3: 7
	4: 3
	5: 36
	6: 1
	7: 1
	8: 0
	9: 0
	10: 110
	11: 0
	12: 0
	13: 6
	14: 1

PC: 30
BP: 10
Instruction: ( JPC, 0, 52 )
=== Stack ===
	0: 0
	1: 0
	2: 0
	3: 7
	4: 3
	5: 36
	6: 1
	7: 1
	8: 0
	9: 0
	10: 110
	11: 0
	12: 0
	13: 6

PC: 31
BP: 10
Instruction: ( LIT, 0, 2 )
=== Stack ===
	0: 0
	1: 0
	2: 0
	3: 7
	4: 3
	5: 36
	6: 1
	7: 1
	8: 0
	9: 0
	10: 110
	11: 0
	12: 0
	13: 6
	14: 2

PC: 32
BP: 10
Instruction: ( LOD, 1, 6 )
=== Stack ===
	0: 0
	1: 0
	2: 0
	3: 7
	4: 3
	5: 36
	6: 1
	7: 1
	8: 0
	9: 0
	10: 110
	11: 0
	12: 0
	13: 6
	14: 2
	15: 1

PC: 33
BP: 10
Instruction: ( OPR, 0, MUL )
=== Stack ===
	0: 0
	1: 0
	2: 0
	3: 7
	4: 3
	5: 36
	6: 1
	7: 1
	8: 0
	9: 0
	10: 110
	11: 0
	12: 0
	13: 6
	14: 2

PC: 34
BP: 10
Instruction: ( STO, 1, 6 )
=== Stack ===
	0: 0
	1: 0
	2: 0
	3: 7
	4: 3
	5: 36
	6: 2
	7: 1
	8: 0
	9: 0
	10: 110
	11: 0
	12: 0
	13: 6

PC: 35
BP: 10
Instruction: ( LOD, 0, 3 )
=== Stack ===
	0: 0
	1: 0
	2: 0
	3: 7
	4: 3
	5: 36
	6: 2
	7: 1
	8: 0
	9: 0
	10: 110
	11: 0
	12: 0
	13: 6
	14: 6

PC: 36
BP: 10
Instruction: ( LIT, 0, 2 )
=== Stack ===
	0: 0
	1: 0
	2: 0
	3: 7
	4: 3
	5: 36
	6: 2
	7: 1
	8: 0
	9: 0
	10: 110
	11: 0
	12: 0
	13: 6
	14: 6
	15: 2

PC: 37
BP: 10
Instruction: ( OPR, 0, DIV )
=== Stack ===
	0: 0
	1: 0
	2: 0
	3: 7
	4: 3
	5: 36
	6: 2
	7: 1
	8: 0
	9: 0
	10: 110
	11: 0
	12: 0
	13: 6
	14: 3

PC: 38
BP: 10
Instruction: ( STO, 0, 3 )
=== Stack ===
	0: 0
	1: 0
	2: 0
	3: 7
	4: 3
	5: 36
	6: 2
	7: 1
	8: 0
	9: 0
	10: 110
	11: 0
	12: 0
	13: 3

PC: 39
BP: 10
Instruction: ( LOD, 0, 3 )
=== Stack ===
	0: 0
	1: 0
	2: 0
	3: 7
	4: 3
	5: 36
	6: 2
	7: 1
	8: 0
	9: 0
	10: 110
	11: 0
	12: 0
	13: 3
	14: 3

PC: 40
BP: 10
Instruction: ( LOD, 1, 7 )
=== Stack ===
	0: 0
	1: 0
	2: 0
	3: 7
	4: 3
	5: 36
	6: 2
	7: 1
	8: 0
	9: 0
	10: 110
	11: 0
	12: 0
	13: 3
	14: 3
	15: 1

PC: 41
BP: 10
Instruction: ( OPR, 0, LEQ )
=== Stack ===
	0: 0
	1: 0
	2: 0
	3: 7
	4: 3
	5: 36
	6: 2
	7: 1
	8: 0
	9: 0
	10: 110
	11: 0
	12: 0
	13: 3
	14: 0

PC: 42
BP: 10
Instruction: ( JPC, 0, 51 )
=== Stack ===
	0: 0
	1: 0
	2: 0
	3: 7
	4: 3
	5: 36
	6: 2
	7: 1
	8: 0
	9: 0
	10: 110
	11: 0
	12: 0
	13: 3

PC: 51
BP: 10
Instruction: ( JMP, 0, 27 )
=== Stack ===
	0: 0
	1: 0
	2: 0
	3: 7
	4: 3
	5: 36
	6: 2
	7: 1
	8: 0
	9: 0
	10: 110
	11: 0
	12: 0
	13: 3

PC: 27
BP: 10
Instruction: ( LOD, 0, 3 )
=== Stack ===
	0: 0
	1: 0
	2: 0
	3: 7
	4: 3
	5: 36
	6: 2
	7: 1
	8: 0
	9: 0
	10: 110
	11: 0
	12: 0
	13: 3
	14: 3

PC: 28
BP: 10
Instruction: ( LOD, 1, 4 )
=== Stack ===
	0: 0
	1: 0
	2: 0
	3: 7
	4: 3
	5: 36
	6: 2
	7: 1
	8: 0
	9: 0
	10: 110
	11: 0
	12: 0
	13: 3
	14: 3
	15: 3

PC: 29
BP: 10
Instruction: ( OPR, 0, GTR )
=== Stack ===
	0: 0
	1: 0
	2: 0
	3: 7
	4: 3
	5: 36
	6: 2
	7: 1
	8: 0
	9: 0
	10: 110
	11: 0
	12: 0
	13: 3
	14: 0

PC: 30
BP: 10
Instruction: ( JPC, 0, 52 )
=== Stack ===
	0: 0
	1: 0
	2: 0
	3: 7
	4: 3
	5: 36
	6: 2
	7: 1
	8: 0
	9: 0
	10: 110
	11: 0
	12: 0
	13: 3

PC: 52
BP: 10
Instruction: ( OPR, 0, END )
=== Stack ===
	0: 0
	1: 0
	2: 0
	3: 7
	4: 3
	5: 36
	6: 2
	7: 1
	8: 0
	9: 0

PC: 110
BP: 0
Instruction: ( LOD, 0, 6 )
=== Stack ===
	0: 0
	1: 0
	2: 0
	3: 7
	4: 3
	5: 36
	6: 2
	7: 1
	8: 0
	9: 0
	10: 2

PC: 111
BP: 0
Instruction: ( OPR, 0, WRITE )
=== Stack ===
	0: 0
	1: 0
	2: 0
	3: 7
	4: 3
	5: 36
	6: 2
	7: 1
	8: 0
	9: 0

PC: 112
BP: 0
Instruction: ( LOD, 0, 7 )
=== Stack ===
	0: 0
	1: 0
	2: 0
	3: 7
	4: 3
	5: 36
	6: 2
	7: 1
	8: 0
	9: 0
	10: 1

PC: 113
BP: 0
Instruction: ( OPR, 0, WRITE )
=== Stack ===
	0: 0
	1: 0
	2: 0
	3: 7
	4: 3
	5: 36
	6: 2
	7: 1
	8: 0
	9: 0

PC: 114
BP: 0
Instruction: ( OPR, 0, READ )
=== Stack ===
	0: 0
	1: 0
	2: 0
	3: 7
	4: 3
	5: 36
	6: 2
	7: 1
	8: 0
	9: 0
	10: 24

PC: 115
BP: 0
Instruction: ( STO, 0, 3 )
=== Stack ===
	0: 0
	1: 0
	2: 0
	3: 24
	4: 3
	5: 36
	6: 2
	7: 1
	8: 0
	9: 0

PC: 116
BP: 0
Instruction: ( OPR, 0, READ )
=== Stack ===
	0: 0
	1: 0
	2: 0
	3: 24
	4: 3
	5: 36
	6: 2
	7: 1
	8: 0
	9: 0
	10: 18

PC: 117
BP: 0
Instruction: ( STO, 0, 4 )
=== Stack ===
	0: 0
	1: 0
	2: 0
	3: 24
	4: 18
	5: 36
	6: 2
	7: 1
	8: 0
	9: 0

PC: 118
BP: 0
Instruction: ( CAL, 0, 53 )
=== Stack ===
	0: 0
	1: 0
	2: 0
	3: 24
	4: 18
	5: 36
	6: 2
	7: 1
	8: 0
	9: 0
	10: 119
	11: 0
	12: 0

PC: 53
BP: 10
Instruction: ( INT, 0, 4 )
=== Stack ===
	0: 0
	1: 0
	2: 0
	3: 24
	4: 18
	5: 36
	6: 2
	7: 1
	8: 0
	9: 0
	10: 119
	11: 0
	12: 0
	13: 0

PC: 54
BP: 10
Instruction: ( LOD, 1, 3 )
=== Stack ===
	0: 0
	1: 0
	2: 0
	3: 24
	4: 18
	5: 36
	6: 2
	7: 1
	8: 0
	9: 0
	10: 119
	11: 0
	12: 0
	13: 0
	14: 24

PC: 55
BP: 10
Instruction: ( STO, 1, 9 )
=== Stack ===
	0: 0
	1: 0
	2: 0
	3: 24
	4: 18
	5: 36
	6: 2
	7: 1
	8: 0
	9: 24
	10: 119
	11: 0
	12: 0
	13: 0

PC: 56
BP: 10
Instruction: ( LOD, 1, 4 )
=== Stack ===
	0: 0
	1: 0
	2: 0
	3: 24
	4: 18
	5: 36
	6: 2
	7: 1
	8: 0
	9: 24
	10: 119
	11: 0
	12: 0
	13: 0
	14: 18

PC: 57
BP: 10
Instruction: ( STO, 0, 3 )
=== Stack ===
	0: 0
	1: 0
	2: 0
	3: 24
	4: 18
	5: 36
	6: 2
	7: 1
	8: 0
	9: 24
	10: 119
	11: 0
	12: 0
	13: 18

PC: 58
BP: 10
Instruction: ( LOD, 1, 9 )
=== Stack ===
	0: 0
	1: 0
	2: 0
	3: 24
	4: 18
	5: 36
	6: 2
	7: 1
	8: 0
	9: 24
	10: 119
	11: 0
	12: 0
	13: 18
	14: 24

PC: 59
BP: 10
Instruction: ( LOD, 0, 3 )
=== Stack ===
	0: 0
	1: 0
	2: 0
	3: 24
	4: 18
	5: 36
	6: 2
	7: 1
	8: 0
	9: 24
	10: 119
	11: 0
	12: 0
	13: 18
	14: 24
	15: 18

PC: 60
BP: 10
Instruction: ( OPR, 0, NEQ )
=== Stack ===
	0: 0
	1: 0
	2: 0
	3: 24
	4: 18
	5: 36
	6: 2
	7: 1
	8: 0
	9: 24
	10: 119
	11: 0
	12: 0
	13: 18
	14: 1

PC: 61
BP: 10
Instruction: ( JPC, 0, 79 )
=== Stack ===
	0: 0
	1: 0
	2: 0
	3: 24
	4: 18
	5: 36
	6: 2
	7: 1
	8: 0
	9: 24
	10: 119
	11: 0
	12: 0
	13: 18

PC: 62
BP: 10
Instruction: ( LOD, 1, 9 )
=== Stack ===
	0: 0
	1: 0
	2: 0
	3: 24
	4: 18
	5: 36
	6: 2
	7: 1
	8: 0
	9: 24
	10: 119
	11: 0
	12: 0
	13: 18
	14: 24

PC: 63
BP: 10
Instruction: ( LOD, 0, 3 )
=== Stack ===
	0: 0
	1: 0
	2: 0
	3: 24
	4: 18
	5: 36
	6: 2
	7: 1
	8: 0
	9: 24
	10: 119
	11: 0
	12: 0
	13: 18
	14: 24
	15: 18

PC: 64
BP: 10
Instruction: ( OPR, 0, LSS )
=== Stack ===
	0: 0
	1: 0
	2: 0
	3: 24
	4: 18
	5: 36
	6: 2
	7: 1
	8: 0
	9: 24
	10: 119
	11: 0
	12: 0
	13: 18
	14: 0

PC: 65
BP: 10
Instruction: ( JPC, 0, 70 )
=== Stack ===
	0: 0
	1: 0
	2: 0
	3: 24
	4: 18
	5: 36
	6: 2
	7: 1
	8: 0
	9: 24
	10: 119
	11: 0
	12: 0
	13: 18

PC: 70
BP: 10
Instruction: ( LOD, 0, 3 )
=== Stack ===
	0: 0
	1: 0
	2: 0
	3: 24
	4: 18
	5: 36
	6: 2
	7: 1
	8: 0
	9: 24
	10: 119
	11: 0
	12: 0
	13: 18
	14: 18

PC: 71
BP: 10
Instruction: ( LOD, 1, 9 )
=== Stack ===
	0: 0
	1: 0
	2: 0
	3: 24
	4: 18
	5: 36
	6: 2
	7: 1
	8: 0
	9: 24
	10: 119
	11: 0
	12: 0
	13: 18
	14: 18
	15: 24

PC: 72
BP: 10
Instruction: ( OPR, 0, LSS )
=== Stack ===
	0: 0
	1: 0
	2: 0
	3: 24
	4: 18
	5: 36
	6: 2
	7: 1
	8: 0
	9: 24
	10: 119
	11: 0
	12: 0
	13: 18
	14: 1

PC: 73
BP: 10
Instruction: ( JPC, 0, 78 )
=== Stack ===
	0: 0
	1: 0
	2: 0
	3: 24
	4: 18
	5: 36
	6: 2
	7: 1
	8: 0
	9: 24
	10: 119
	11: 0
	12: 0
	13: 18

PC: 74
BP: 10
Instruction: ( LOD, 1, 9 )
=== Stack ===
	0: 0
	1: 0
	2: 0
	3: 24
	4: 18
	5: 36
	6: 2
	7: 1
	8: 0
	9: 24
	10: 119
	11: 0
	12: 0
	13: 18
	14: 24

PC: 75
BP: 10
Instruction: ( LOD, 0, 3 )
=== Stack ===
	0: 0
	1: 0
	2: 0
	3: 24
	4: 18
	5: 36
	6: 2
	7: 1
	8: 0
	9: 24
	10: 119
	11: 0
	12: 0
	13: 18
	14: 24
	15: 18

PC: 76
BP: 10
Instruction: ( OPR, 0, SUB )
=== Stack ===
	0: 0
	1: 0
	2: 0
	3: 24
	4: 18
	5: 36
	6: 2
	7: 1
	8: 0
	9: 24
	10: 119
	11: 0
	12: 0
	13: 18
	14: 6

PC: 77
BP: 10
Instruction: ( STO, 1, 9 )
=== Stack ===
	0: 0
	1: 0
	2: 0
	3: 24
	4: 18
	5: 36
	6: 2
	7: 1
	8: 0
	9: 6
	10: 119
	11: 0
	12: 0
	13: 18

PC: 78
BP: 10
Instruction: ( JMP, 0, 58 )
=== Stack ===
	0: 0
	1: 0
	2: 0
	3: 24
	4: 18
	5: 36
	6: 2
	7: 1
	8: 0
	9: 6
	10: 119
	11: 0
	12: 0
	13: 18

PC: 58
BP: 10
Instruction: ( LOD, 1, 9 )
=== Stack ===
	0: 0
	1: 0
	2: 0
	3: 24
	4: 18
	5: 36
	6: 2
	7: 1
	8: 0
	9: 6
	10: 119
	11: 0
	12: 0
	13: 18
	14: 6

PC: 59
BP: 10
Instruction: ( LOD, 0, 3 )
=== Stack ===
	0: 0
	1: 0
	2: 0
	3: 24
	4: 18
	5: 36
	6: 2
	7: 1
	8: 0
	9: 6
	10: 119
	11: 0
	12: 0
	13: 18
	14: 6
	15: 18

PC: 60
BP: 10
Instruction: ( OPR, 0, NEQ )
=== Stack ===
	0: 0
	1: 0
	2: 0
	3: 24
	4: 18
	5: 36
	6: 2
	7: 1
	8: 0
	9: 6
	10: 119
	11: 0
	12: 0
	13: 18
	14: 1

PC: 61
BP: 10
Instruction: ( JPC, 0, 79 )
=== Stack ===
	0: 0
	1: 0
	2: 0
	3: 24
	4: 18
	5: 36
	6: 2
	7: 1
	8: 0
	9: 6
	10: 119
	11: 0
	12: 0
	13: 18

PC: 62
BP: 10
Instruction: ( LOD, 1, 9 )
=== Stack ===
	0: 0
	1: 0
	2: 0
	3: 24
	4: 18
	5: 36
	6: 2
	7: 1
	8: 0
	9: 6
	10: 119
	11: 0
	12: 0
	13: 18
	14: 6

PC: 63
BP: 10
Instruction: ( LOD, 0, 3 )
=== Stack ===
	0: 0
	1: 0
	2: 0
	3: 24
	4: 18
	5: 36
	6: 2
	7: 1
	8: 0
	9: 6
	10: 119
	11: 0
	12: 0
	13: 18
	14: 6
	15: 18

PC: 64
BP: 10
Instruction: ( OPR, 0, LSS )
=== Stack ===
	0: 0
	1: 0
	2: 0
	3: 24
	4: 18
	5: 36
	6: 2
	7: 1
	8: 0
	9: 6
	10: 119
	11: 0
	12: 0
	13: 18
	14: 1

PC: 65
BP: 10
Instruction: ( JPC, 0, 70 )
=== Stack ===
	0: 0
	1: 0
	2: 0
	3: 24
	4: 18
	5: 36
	6: 2
	7: 1
	8: 0
	9: 6
	10: 119
	11: 0
	12: 0
	13: 18

PC: 66
BP: 10
Instruction: ( LOD, 0, 3 )
=== Stack ===
	0: 0
	1: 0
	2: 0
	3: 24
	4: 18
	5: 36
	6: 2
	7: 1
	8: 0
	9: 6
	10: 119
	11: 0
	12: 0
	13: 18
	14: 18

PC: 67
BP: 10
Instruction: ( LOD, 1, 9 )
=== Stack ===
	0: 0
	1: 0
	2: 0
	3: 24
	4: 18
	5: 36
	6: 2
	7: 1
	8: 0
	9: 6
	10: 119
	11: 0
	12: 0
	13: 18
	14: 18
	15: 6

PC: 68
BP: 10
Instruction: ( OPR, 0, SUB )
=== Stack ===
	0: 0
	1: 0
	2: 0
	3: 24
	4: 18
	5: 36
	6: 2
	7: 1
	8: 0
	9: 6
	10: 119
	11: 0
	12: 0
	13: 18
	14: 12

PC: 69
BP: 10
Instruction: ( STO, 0, 3 )
=== Stack ===
	0: 0
	1: 0
	2: 0
	3: 24
	4: 18
	5: 36
	6: 2
	7: 1
	8: 0
	9: 6
	10: 119
	11: 0
	12: 0
	13: 12

PC: 70
BP: 10
Instruction: ( LOD, 0, 3 )
=== Stack ===
	0: 0
	1: 0
	2: 0
	3: 24
	4: 18
	5: 36
	6: 2
	7: 1
	8: 0
	9: 6
	10: 119
	11: 0
	12: 0
	13: 12
	14: 12

PC: 71
BP: 10
Instruction: ( LOD, 1, 9 )
=== Stack ===
	0: 0
	1: 0
	2: 0
	3: 24
	4: 18
	5: 36
	6: 2
	7: 1
	8: 0
	9: 6
	10: 119
	11: 0
	12: 0
	13: 12
	14: 12
	15: 6

PC: 72
BP: 10
Instruction: ( OPR, 0, LSS )
=== Stack ===
	0: 0
	1: 0
	2: 0
	3: 24
	4: 18
	5: 36
	6: 2
	7: 1
	8: 0
	9: 6
	10: 119
	11: 0
	12: 0
	13: 12
	14: 0

PC: 73
BP: 10
Instruction: ( JPC, 0, 78 )
=== Stack ===
	0: 0
	1: 0
	2: 0
	3: 24
	4: 18
	5: 36
	6: 2
	7: 1
	8: 0
	9: 6
	10: 119
	11: 0
	12: 0
	13: 12

PC: 78
BP: 10
Instruction: ( JMP, 0, 58 )
=== Stack ===
	0: 0
	1: 0
	2: 0
	3: 24
	4: 18
	5: 36
	6: 2
	7: 1
	8: 0
	9: 6
	10: 119
	11: 0
	12: 0
	13: 12

PC: 58
BP: 10
Instruction: ( LOD, 1, 9 )
=== Stack ===
	0: 0
	1: 0
	2: 0
	3: 24
	4: 18
	5: 36
	6: 2
	7: 1
	8: 0
	9: 6
	10: 119
	11: 0
	12: 0
	13: 12
	14: 6

PC: 59
BP: 10
Instruction: ( LOD, 0, 3 )
=== Stack ===
	0: 0
	1: 0
	2: 0
	3: 24
	4: 18
	5: 36
	6: 2
	7: 1
	8: 0
	9: 6
	10: 119
	11: 0
	12: 0
	13: 12
	14: 6
	15: 12

PC: 60
BP: 10
Instruction: ( OPR, 0, NEQ )
=== Stack ===
	0: 0
	1: 0
	2: 0
	3: 24
	4: 18
	5: 36
	6: 2
	7: 1
	8: 0
	9: 6
	10: 119
	11: 0
	12: 0
	13: 12
	14: 1

PC: 61
BP: 10
Instruction: ( JPC, 0, 79 )
=== Stack ===
	0: 0
	1: 0
	2: 0
	3: 24
	4: 18
	5: 36
	6: 2
	7: 1
	8: 0
	9: 6
	10: 119
	11: 0
	12: 0
	13: 12

PC: 62
BP: 10
Instruction: ( LOD, 1, 9 )
=== Stack ===
	0: 0
	1: 0
	2: 0
	3: 24
	4: 18
	5: 36
	6: 2
	7: 1
	8: 0
	9: 6
	10: 119
	11: 0
	12: 0
	13: 12
	14: 6

PC: 63
BP: 10
Instruction: ( LOD, 0, 3 )
=== Stack ===
	0: 0
	1: 0
	2: 0
	3: 24
	4: 18
	5: 36
	6: 2
	7: 1
	8: 0
	9: 6
	10: 119
	11: 0
	12: 0
	13: 12
	14: 6
	15: 12

PC: 64
BP: 10
Instruction: ( OPR, 0, LSS )
=== Stack ===
	0: 0
	1: 0
	2: 0
	3: 24
	4: 18
	5: 36
	6: 2
	7: 1
	8: 0
	9: 6
	10: 119
	11: 0
	12: 0
	13: 12
	14: 1

PC: 65
BP: 10
Instruction: ( JPC, 0, 70 )
=== Stack ===
	0: 0
	1: 0
	2: 0
	3: 24
	4: 18
	5: 36
	6: 2
	7: 1
	8: 0
	9: 6
	10: 119
	11: 0
	12: 0
	13: 12

PC: 66
BP: 10
Instruction: ( LOD, 0, 3 )
=== Stack ===
	0: 0
	1: 0
	2: 0
	3: 24
	4: 18
	5: 36
	6: 2
	7: 1
	8: 0
	9: 6
	10: 119
	11: 0
	12: 0
	13: 12
	14: 12

PC: 67
BP: 10
Instruction: ( LOD, 1, 9 )
=== Stack ===
	0: 0
	1: 0
	2: 0
	3: 24
	4: 18
	5: 36
	6: 2
	7: 1
	8: 0
	9: 6
	10: 119
	11: 0
	12: 0
	13: 12
	14: 12
	15: 6

PC: 68
BP: 10
Instruction: ( OPR, 0, SUB )
=== Stack ===
	0: 0
	1: 0
	2: 0
	3: 24
	4: 18
	5: 36
	6: 2
	7: 1
	8: 0
	9: 6
	10: 119
	11: 0
	12: 0
	13: 12
	14: 6

PC: 69
BP: 10
Instruction: ( STO, 0, 3 )
=== Stack ===
	0: 0
	1: 0
	2: 0
	3: 24
	4: 18
	5: 36
	6: 2
	7: 1
	8: 0
	9: 6
	10: 119
	11: 0
	12: 0
	13: 6

PC: 70
BP: 10
Instruction: ( LOD, 0, 3 )
=== Stack ===
	0: 0
	1: 0
	2: 0
	3: 24
	4: 18
	5: 36
	6: 2
	7: 1
	8: 0
	9: 6
	10: 119
	11: 0
	12: 0
	13: 6
	14: 6

PC: 71
BP: 10
Instruction: ( LOD, 1, 9 )
=== Stack ===
	0: 0
	1: 0
	2: 0
	3: 24
	4: 18
	5: 36
	6: 2
	7: 1
	8: 0
	9: 6
	10: 119
	11: 0
	12: 0
	13: 6
	14: 6
	15: 6

PC: 72
BP: 10
Instruction: ( OPR, 0, LSS )
=== Stack ===
	0: 0
	1: 0
	2: 0
	3: 24
	4: 18
	5: 36
	6: 2
	7: 1
	8: 0
	9: 6
	10: 119
	11: 0
	12: 0
	13: 6
	14: 0

PC: 73
BP: 10
Instruction: ( JPC, 0, 78 )
=== Stack ===
	0: 0
	1: 0
	2: 0
	3: 24
	4: 18
	5: 36
	6: 2
	7: 1
	8: 0
	9: 6
	10: 119
	11: 0
	12: 0
	13: 6

PC: 78
BP: 10
Instruction: ( JMP, 0, 58 )
=== Stack ===
	0: 0
	1: 0
	2: 0
	3: 24
	4: 18
	5: 36
	6: 2
	7: 1
	8: 0
	9: 6
	10: 119
	11: 0
	12: 0
	13: 6

PC: 58
BP: 10
Instruction: ( LOD, 1, 9 )
=== Stack ===
	0: 0
	1: 0
	2: 0
	3: 24
	4: 18
	5: 36
	6: 2
	7: 1
	8: 0
	9: 6
	10: 119
	11: 0
	12: 0
	13: 6
	14: 6

PC: 59
BP: 10
Instruction: ( LOD, 0, 3 )
=== Stack ===
	0: 0
	1: 0
	2: 0
	3: 24
	4: 18
	5: 36
	6: 2
	7: 1
	8: 0
	9: 6
	10: 119
	11: 0
	12: 0
	13: 6
	14: 6
	15: 6

PC: 60
BP: 10
Instruction: ( OPR, 0, NEQ )
=== Stack ===
	0: 0
	1: 0
	2: 0
	3: 24
	4: 18
	5: 36
	6: 2
	7: 1
	8: 0
	9: 6
	10: 119
	11: 0
	12: 0
	13: 6
	14: 0

PC: 61
BP: 10
Instruction: ( JPC, 0, 79 )
=== Stack ===
	0: 0
	1: 0
	2: 0
	3: 24
	4: 18
	5: 36
	6: 2
	7: 1
	8: 0
	9: 6
	10: 119
	11: 0
	12: 0
	13: 6

PC: 79
BP: 10
Instruction: ( LOD, 1, 9 )
=== Stack ===
	0: 0
	1: 0
	2: 0
	3: 24
	4: 18
	5: 36
	6: 2
	7: 1
	8: 0
	9: 6
	10: 119
	11: 0
	12: 0
	13: 6
	14: 6

PC: 80
BP: 10
Instruction: ( STO, 1, 5 )
=== Stack ===
	0: 0
	1: 0
	2: 0
	3: 24
	4: 18
	5: 6
	6: 2
	7: 1
	8: 0
	9: 6
	10: 119
	11: 0
	12: 0
	13: 6

PC: 81
BP: 10
Instruction: ( OPR, 0, END )
=== Stack ===
	0: 0
	1: 0
	2: 0
	3: 24
	4: 18
	5: 6
	6: 2
	7: 1
	8: 0
	9: 6

PC: 119
BP: 0
Instruction: ( LOD, 0, 5 )
=== Stack ===
	0: 0
	1: 0
	2: 0
	3: 24
	4: 18
	5: 6
	6: 2
	7: 1
	8: 0
	9: 6
	10: 6

PC: 120
BP: 0
Instruction: ( OPR, 0, WRITE )
=== Stack ===
	0: 0
	1: 0
	2: 0
	3: 24
	4: 18
	5: 6
	6: 2
	7: 1
	8: 0
	9: 6

PC: 121
BP: 0
Instruction: ( OPR, 0, READ )
=== Stack ===
	0: 0
	1: 0
	2: 0
	3: 24
	4: 18
	5: 6
	6: 2
	7: 1
	8: 0
	9: 6
	10: 5

PC: 122
BP: 0
Instruction: ( STO, 0, 8 )
=== Stack ===
	0: 0
	1: 0
	2: 0
	3: 24
	4: 18
	5: 6
	6: 2
	7: 1
	8: 5
	9: 6

PC: 123
BP: 0
Instruction: ( LIT, 0, 1 )
=== Stack ===
	0: 0
	1: 0
	2: 0
	3: 24
	4: 18
	5: 6
	6: 2
	7: 1
	8: 5
	9: 6
	10: 1

PC: 124
BP: 0
Instruction: ( STO, 0, 9 )
=== Stack ===
	0: 0
	1: 0
	2: 0
	3: 24
	4: 18
	5: 6
	6: 2
	7: 1
	8: 5
	9: 1

PC: 125
BP: 0
Instruction: ( CAL, 0, 82 )
=== Stack ===
	0: 0
	1: 0
	2: 0
	3: 24
	4: 18
	5: 6
	6: 2
	7: 1
	8: 5
	9: 1
	10: 126
	11: 0
	12: 0

PC: 82
BP: 10
Instruction: ( INT, 0, 3 )
=== Stack ===
	0: 0
	1: 0
	2: 0
	3: 24
	4: 18
	5: 6
	6: 2
	7: 1
	8: 5
	9: 1
	10: 126
	11: 0
	12: 0

PC: 83
BP: 10
Instruction: ( LOD, 1, 8 )
=== Stack ===
	0: 0
	1: 0
	2: 0
	3: 24
	4: 18
	5: 6
	6: 2
	7: 1
	8: 5
	9: 1
	10: 126
	11: 0
	12: 0
	13: 5

PC: 84
BP: 10
Instruction: ( LIT, 0, 1 )
=== Stack ===
	0: 0
	1: 0
	2: 0
	3: 24
	4: 18
	5: 6
	6: 2
	7: 1
	8: 5
	9: 1
	10: 126
	11: 0
	12: 0
	13: 5
	14: 1

PC: 85
BP: 10
Instruction: ( OPR, 0, GTR )
=== Stack ===
	0: 0
	1: 0
	2: 0
	3: 24
	4: 18
	5: 6
	6: 2
	7: 1
	8: 5
	9: 1
	10: 126
	11: 0
	12: 0
	13: 1

PC: 86
BP: 10
Instruction: ( JPC, 0, 96 )
=== Stack ===
	0: 0
	1: 0
	2: 0
	3: 24
	4: 18
	5: 6
	6: 2
	7: 1
	8: 5
	9: 1
	10: 126
	11: 0
	12: 0

PC: 87
BP: 10
Instruction: ( LOD, 1, 8 )
=== Stack ===
	0: 0
	1: 0
	2: 0
	3: 24
	4: 18
	5: 6
	6: 2
	7: 1
	8: 5
	9: 1
	10: 126
	11: 0
	12: 0
	13: 5

PC: 88
BP: 10
Instruction: ( LOD, 1, 9 )
=== Stack ===
	0: 0
	1: 0
	2: 0
	3: 24
	4: 18
	5: 6
	6: 2
	7: 1
	8: 5
	9: 1
	10: 126
	11: 0
	12: 0
	13: 5
	14: 1

PC: 89
BP: 10
Instruction: ( OPR, 0, MUL )
=== Stack ===
	0: 0
	1: 0
	2: 0
	3: 24
	4: 18
	5: 6
	6: 2
	7: 1
	8: 5
	9: 1
	10: 126
	11: 0
	12: 0
	13: 5

PC: 90
BP: 10
Instruction: ( STO, 1, 9 )
=== Stack ===
	0: 0
	1: 0
	2: 0
	3: 24
	4: 18
	5: 6
	6: 2
	7: 1
	8: 5
	9: 5
	10: 126
	11: 0
	12: 0

PC: 91
BP: 10
Instruction: ( LOD, 1, 8 )
=== Stack ===
	0: 0
	1: 0
	2: 0
	3: 24
	4: 18
	5: 6
	6: 2
	7: 1
	8: 5
	9: 5
	10: 126
	11: 0
	12: 0
	13: 5

PC: 92
BP: 10
Instruction: ( LIT, 0, 1 )
=== Stack ===
	0: 0
	1: 0
	2: 0
	3: 24
	4: 18
	5: 6
	6: 2
	7: 1
	8: 5
	9: 5
	10: 126
	11: 0
	12: 0
	13: 5
	14: 1

PC: 93
BP: 10
Instruction: ( OPR, 0, SUB )
=== Stack ===
	0: 0
	1: 0
	2: 0
	3: 24
	4: 18
	5: 6
	6: 2
	7: 1
	8: 5
	9: 5
	10: 126
	11: 0
	12: 0
	13: 4

PC: 94
BP: 10
Instruction: ( STO, 1, 8 )
=== Stack ===
	0: 0
	1: 0
	2: 0
	3: 24
	4: 18
	5: 6
	6: 2
	7: 1
	8: 4
	9: 5
	10: 126
	11: 0
	12: 0

PC: 95
BP: 10
Instruction: ( CAL, 1, 82 )
=== Stack ===
	0: 0
	1: 0
	2: 0
	3: 24
	4: 18
	5: 6
	6: 2
	7: 1
	8: 4
	9: 5
	10: 126
	11: 0
	12: 0
	13: 96
	14: 10
	15: 0

PC: 82
BP: 13
Instruction: ( INT, 0, 3 )
=== Stack ===
	0: 0
	1: 0
	2: 0
	3: 24
	4: 18
	5: 6
	6: 2
	7: 1
	8: 4
	9: 5
	10: 126
	11: 0
	12: 0
	13: 96
	14: 10
	15: 0

PC: 83
BP: 13
Instruction: ( LOD, 1, 8 )
=== Stack ===
	0: 0
	1: 0
	2: 0
	3: 24
	4: 18
	5: 6
	6: 2
	7: 1
	8: 4
	9: 5
	10: 126
	11: 0
	12: 0
	13: 96
	14: 10
	15: 0
	16: 4

PC: 84
BP: 13
Instruction: ( LIT, 0, 1 )
=== Stack ===
	0: 0
	1: 0
	2: 0
	3: 24
	4: 18
	5: 6
	6: 2
	7: 1
	8: 4
	9: 5
	10: 126
	11: 0
	12: 0
	13: 96
	14: 10
	15: 0
	16: 4
	17: 1

PC: 85
BP: 13
Instruction: ( OPR, 0, GTR )
=== Stack ===
	0: 0
	1: 0
	2: 0
	3: 24
	4: 18
	5: 6
	6: 2
	7: 1
	8: 4
	9: 5
	10: 126
	11: 0
	12: 0
	13: 96
	14: 10
	15: 0
	16: 1

PC: 86
BP: 13
Instruction: ( JPC, 0, 96 )
=== Stack ===
	0: 0
	1: 0
	2: 0
	3: 24
	4: 18
	5: 6
	6: 2
	7: 1
	8: 4
	9: 5
	10: 126
	11: 0
	12: 0
	13: 96
	14: 10
	15: 0

PC: 87
BP: 13
Instruction: ( LOD, 1, 8 )
=== Stack ===
	0: 0
	1: 0
	2: 0
	3: 24
	4: 18
	5: 6
	6: 2
	7: 1
	8: 4
	9: 5
	10: 126
	11: 0
	12: 0
	13: 96
	14: 10
	15: 0
	16: 4

PC: 88
BP: 13
Instruction: ( LOD, 1, 9 )
=== Stack ===
	0: 0
	1: 0
	2: 0
	3: 24
	4: 18
	5: 6
	6: 2
	7: 1
	8: 4
	9: 5
	10: 126
	11: 0
	12: 0
	13: 96
	14: 10
	15: 0
	16: 4
	17: 5

PC: 89
BP: 13
Instruction: ( OPR, 0, MUL )
=== Stack ===
	0: 0
	1: 0
	2: 0
	3: 24
	4: 18
	5: 6
	6: 2
	7: 1
	8: 4
	9: 5
	10: 126
	11: 0
	12: 0
	13: 96
	14: 10
	15: 0
	16: 20

PC: 90
BP: 13
Instruction: ( STO, 1, 9 )
=== Stack ===
	0: 0
	1: 0
	2: 0
	3: 24
	4: 18
	5: 6
	6: 2
	7: 1
	8: 4
	9: 20
	10: 126
	11: 0
	12: 0
	13: 96
	14: 10
	15: 0

PC: 91
BP: 13
Instruction: ( LOD, 1, 8 )
=== Stack ===
	0: 0
	1: 0
	2: 0
	3: 24
	4: 18
	5: 6
	6: 2
	7: 1
	8: 4
	9: 20
	10: 126
	11: 0
	12: 0
	13: 96
	14: 10
	15: 0
	16: 4

PC: 92
BP: 13
Instruction: ( LIT, 0, 1 )
=== Stack ===
	0: 0
	1: 0
	2: 0
	3: 24
	4: 18
	5: 6
	6: 2
	7: 1
	8: 4
	9: 20
	10: 126
	11: 0
	12: 0
	13: 96
	14: 10
	15: 0
	16: 4
	17: 1

PC: 93
BP: 13
Instruction: ( OPR, 0, SUB )
=== Stack ===
	0: 0
	1: 0
	2: 0
	3: 24
	4: 18
	5: 6
	6: 2
	7: 1
	8: 4
	9: 20
	10: 126
	11: 0
	12: 0
	13: 96
	14: 10
	15: 0
	16: 3

PC: 94
BP: 13
Instruction: ( STO, 1, 8 )
=== Stack ===
	0: 0
	1: 0
	2: 0
	3: 24
	4: 18
	5: 6
	6: 2
	7: 1
	8: 3
	9: 20
	10: 126
	11: 0
	12: 0
	13: 96
	14: 10
	15: 0

PC: 95
BP: 13
Instruction: ( CAL, 1, 82 )
=== Stack ===
	0: 0
	1: 0
	2: 0
	3: 24
	4: 18
	5: 6
	6: 2
	7: 1
	8: 3
	9: 20
	10: 126
	11: 0
	12: 0
	13: 96
	14: 10
	15: 0
	16: 96
	17: 13
	18: 0

PC: 82
BP: 16
Instruction: ( INT, 0, 3 )
=== Stack ===
	0: 0
	1: 0
	2: 0
	3: 24
	4: 18
	5: 6
	6: 2
	7: 1
	8: 3
	9: 20
	10: 126
	11: 0
	12: 0
	13: 96
	14: 10
	15: 0
	16: 96
	17: 13
	18: 0

PC: 83
BP: 16
Instruction: ( LOD, 1, 8 )
=== Stack ===
	0: 0
	1: 0
	2: 0
	3: 24
	4: 18
	5: 6
	6: 2
	7: 1
	8: 3
	9: 20
	10: 126
	11: 0
	12: 0
	13: 96
	14: 10
	15: 0
	16: 96
	17: 13
	18: 0
	19: 3

PC: 84
BP: 16
Instruction: ( LIT, 0, 1 )
=== Stack ===
	0: 0
	1: 0
	2: 0
	3: 24
	4: 18
	5: 6
	6: 2
	7: 1
	8: 3
	9: 20
	10: 126
	11: 0
	12: 0
	13: 96
	14: 10
	15: 0
	16: 96
	17: 13
	18: 0
	19: 3
	20: 1

PC: 85
BP: 16
Instruction: ( OPR, 0, GTR )
=== Stack ===
	0: 0
	1: 0
	2: 0
	3: 24
	4: 18
	5: 6
	6: 2
	7: 1
	8: 3
	9: 20
	10: 126
	11: 0
	12: 0
	13: 96
	14: 10
	15: 0
	16: 96
	17: 13
	18: 0
	19: 1

PC: 86
BP: 16
Instruction: ( JPC, 0, 96 )
=== Stack ===
	0: 0
	1: 0
	2: 0
	3: 24
	4: 18
	5: 6
	6: 2
	7: 1
	8: 3
	9: 20
	10: 126
	11: 0
	12: 0
	13: 96
	14: 10
	15: 0
	16: 96
	17: 13
	18: 0

PC: 87
BP: 16
Instruction: ( LOD, 1, 8 )
=== Stack ===
	0: 0
	1: 0
	2: 0
	3: 24
	4: 18
	5: 6
	6: 2
	7: 1
	8: 3
	9: 20
	10: 126
	11: 0
	12: 0
	13: 96
	14: 10
	15: 0
	16: 96
	17: 13
	18: 0
	19: 3

PC: 88
BP: 16
Instruction: ( LOD, 1, 9 )
=== Stack ===
	0: 0
	1: 0
	2: 0
	3: 24
	4: 18
	5: 6
	6: 2
	7: 1
	8: 3
	9: 20
	10: 126
	11: 0
	12: 0
	13: 96
	14: 10
	15: 0
	16: 96
	17: 13
	18: 0
	19: 3
	20: 20

PC: 89
BP: 16
Instruction: ( OPR, 0, MUL )
=== Stack ===
	0: 0
	1: 0
	2: 0
	3: 24
	4: 18
	5: 6
	6: 2
	7: 1
	8: 3
	9: 20
	10: 126
	11: 0
	12: 0
	13: 96
	14: 10
	15: 0
	16: 96
	17: 13
	18: 0
	19: 60

PC: 90
BP: 16
Instruction: ( STO, 1, 9 )
=== Stack ===
	0: 0
	1: 0
	2: 0
	3: 24
	4: 18
	5: 6
	6: 2
	7: 1
	8: 3
	9: 60
	10: 126
	11: 0
	12: 0
	13: 96
	14: 10
	15: 0
	16: 96
	17: 13
	18: 0

PC: 91
BP: 16
Instruction: ( LOD, 1, 8 )
=== Stack ===
	0: 0
	1: 0
	2: 0
	3: 24
	4: 18
	5: 6
	6: 2
	7: 1
	8: 3
	9: 60
	10: 126
	11: 0
	12: 0
	13: 96
	14: 10
	15: 0
	16: 96
	17: 13
	18: 0
	19: 3

PC: 92
BP: 16
Instruction: ( LIT, 0, 1 )
=== Stack ===
	0: 0
	1: 0
	2: 0
	3: 24
	4: 18
	5: 6
	6: 2
	7: 1
	8: 3
	9: 60
	10: 126
	11: 0
	12: 0
	13: 96
	14: 10
	15: 0
	16: 96
	17: 13
	18: 0
	19: 3
	20: 1

PC: 93
BP: 16
Instruction: ( OPR, 0, SUB )
=== Stack ===
	0: 0
	1: 0
	2: 0
	3: 24
	4: 18
	5: 6
	6: 2
	7: 1
	8: 3
	9: 60
	10: 126
	11: 0
	12: 0
	13: 96
	14: 10
	15: 0
	16: 96
	17: 13
	18: 0
	19: 2

PC: 94
BP: 16
Instruction: ( STO, 1, 8 )
=== Stack ===
	0: 0
	1: 0
	2: 0
	3: 24
	4: 18
	5: 6
	6: 2
	7: 1
	8: 2
	9: 60
	10: 126
	11: 0
	12: 0
	13: 96
	14: 10
	15: 0
	16: 96
	17: 13
	18: 0

PC: 95
BP: 16
Instruction: ( CAL, 1, 82 )
=== Stack ===
	0: 0
	1: 0
	2: 0
	3: 24
	4: 18
	5: 6
	6: 2
	7: 1
	8: 2
	9: 60
	10: 126
	11: 0
	12: 0
	13: 96
	14: 10
	15: 0
	16: 96
	17: 13
	18: 0
	19: 96
	20: 16
	21: 0

PC: 82
BP: 19
Instruction: ( INT, 0, 3 )
=== Stack ===
	0: 0
	1: 0
	2: 0
	3: 24
	4: 18
	5: 6
	6: 2
	7: 1
	8: 2
	9: 60
	10: 126
	11: 0
	12: 0
	13: 96
	14: 10
	15: 0
	16: 96
	17: 13
	18: 0
	19: 96
	20: 16
	21: 0

PC: 83
BP: 19
Instruction: ( LOD, 1, 8 )
=== Stack ===
	0: 0
	1: 0
	2: 0
	3: 24
	4: 18
	5: 6
	6: 2
	7: 1
	8: 2
	9: 60
	10: 126
	11: 0
	12: 0
	13: 96
	14: 10
	15: 0
	16: 96
	17: 13
	18: 0
	19: 96
	20: 16
	21: 0
	22: 2

PC: 84
BP: 19
Instruction: ( LIT, 0, 1 )
=== Stack ===
	0: 0
	1: 0
	2: 0
	3: 24
	4: 18
	5: 6
	6: 2
	7: 1
	8: 2
	9: 60
	10: 126
	11: 0
	12: 0
	13: 96
	14: 10
	15: 0
	16: 96
	17: 13
	18: 0
	19: 96
	20: 16
	21: 0
	22: 2
	23: 1

PC: 85
BP: 19
Instruction: ( OPR, 0, GTR )
=== Stack ===
	0: 0
	1: 0
	2: 0
	3: 24
	4: 18
	5: 6
	6: 2
	7: 1
	8: 2
	9: 60
	10: 126
	11: 0
	12: 0
	13: 96
	14: 10
	15: 0
	16: 96
	17: 13
	18: 0
	19: 96
	20: 16
	21: 0
	22: 1

PC: 86
BP: 19
Instruction: ( JPC, 0, 96 )
=== Stack ===
	0: 0
	1: 0
	2: 0
	3: 24
	4: 18
	5: 6
	6: 2
	7: 1
	8: 2
	9: 60
	10: 126
	11: 0
	12: 0
	13: 96
	14: 10
	15: 0
	16: 96
	17: 13
	18: 0
	19: 96
	20: 16
	21: 0

PC: 87
BP: 19
Instruction: ( LOD, 1, 8 )
=== Stack ===
	0: 0
	1: 0
	2: 0
	3: 24
	4: 18
	5: 6
	6: 2
	7: 1
	8: 2
	9: 60
	10: 126
	11: 0
	12: 0
	13: 96
	14: 10
	15: 0
	16: 96
	17: 13
	18: 0
	19: 96
	20: 16
	21: 0
	22: 2

PC: 88
BP: 19
Instruction: ( LOD, 1, 9 )
=== Stack ===
	0: 0
	1: 0
	2: 0
	3: 24
	4: 18
	5: 6
	6: 2
	7: 1
	8: 2
	9: 60
	10: 126
	11: 0
	12: 0
	13: 96
	14: 10
	15: 0
	16: 96
	17: 13
	18: 0
	19: 96
	20: 16
	21: 0
	22: 2
	23: 60

PC: 89
BP: 19
Instruction: ( OPR, 0, MUL )
=== Stack ===
	0: 0
	1: 0
	2: 0
	3: 24
	4: 18
	5: 6
	6: 2
	7: 1
	8: 2
	9: 60
	10: 126
	11: 0
	12: 0
	13: 96
	14: 10
	15: 0
	16: 96
	17: 13
	18: 0
	19: 96
	20: 16
	21: 0
	22: 120

PC: 90
BP: 19
Instruction: ( STO, 1, 9 )
=== Stack ===
	0: 0
	1: 0
	2: 0
	3: 24
	4: 18
	5: 6
	6: 2
	7: 1
	8: 2
	9: 120
	10: 126
	11: 0
	12: 0
	13: 96
	14: 10
	15: 0
	16: 96
	17: 13
	18: 0
	19: 96
	20: 16
	21: 0

PC: 91
BP: 19
Instruction: ( LOD, 1, 8 )
=== Stack ===
	0: 0
	1: 0
	2: 0
	3: 24
	4: 18
	5: 6
	6: 2
	7: 1
	8: 2
	9: 120
	10: 126
	11: 0
	12: 0
	13: 96
	14: 10
	15: 0
	16: 96
	17: 13
	18: 0
	19: 96
	20: 16
	21: 0
	22: 2

PC: 92
BP: 19
Instruction: ( LIT, 0, 1 )
=== Stack ===
	0: 0
	1: 0
	2: 0
	3: 24
	4: 18
	5: 6
	6: 2
	7: 1
	8: 2
	9: 120
	10: 126
	11: 0
	12: 0
	13: 96
	14: 10
	15: 0
	16: 96
	17: 13
	18: 0
	19: 96
	20: 16
	21: 0
	22: 2
	23: 1

PC: 93
BP: 19
Instruction: ( OPR, 0, SUB )
=== Stack ===
	0: 0
	1: 0
	2: 0
	3: 24
	4: 18
	5: 6
	6: 2
	7: 1
	8: 2
	9: 120
	10: 126
	11: 0
	12: 0
	13: 96
	14: 10
	15: 0
	16: 96
	17: 13
	18: 0
	19: 96
	20: 16
	21: 0
	22: 1

PC: 94
BP: 19
Instruction: ( STO, 1, 8 )
=== Stack ===
	0: 0
	1: 0
	2: 0
	3: 24
	4: 18
	5: 6
	6: 2
	7: 1
	8: 1
	9: 120
	10: 126
	11: 0
	12: 0
	13: 96
	14: 10
	15: 0
	16: 96
	17: 13
	18: 0
	19: 96
	20: 16
	21: 0

PC: 95
BP: 19
Instruction: ( CAL, 1, 82 )
=== Stack ===
	0: 0
	1: 0
	2: 0
	3: 24
	4: 18
	5: 6
	6: 2
	7: 1
	8: 1
	9: 120
	10: 126
	11: 0
	12: 0
	13: 96
	14: 10
	15: 0
	16: 96
	17: 13
	18: 0
	19: 96
	20: 16
	21: 0
	22: 96
	23: 19
	24: 0

PC: 82
BP: 22
Instruction: ( INT, 0, 3 )
=== Stack ===
	0: 0
	1: 0
	2: 0
	3: 24
	4: 18
	5: 6
	6: 2
	7: 1
	8: 1
	9: 120
	10: 126
	11: 0
	12: 0
	13: 96
	14: 10
	15: 0
	16: 96
	17: 13
	18: 0
	19: 96
	20: 16
	21: 0
	22: 96
	23: 19
	24: 0

PC: 83
BP: 22
Instruction: ( LOD, 1, 8 )
=== Stack ===
	0: 0
	1: 0
	2: 0
	3: 24
	4: 18
	5: 6
	6: 2
	7: 1
	8: 1
	9: 120
	10: 126
	11: 0
	12: 0
	13: 96
	14: 10
	15: 0
	16: 96
	17: 13
	18: 0
	19: 96
	20: 16
	21: 0
	22: 96
	23: 19
	24: 0
	25: 1

PC: 84
BP: 22
Instruction: ( LIT, 0, 1 )
=== Stack ===
	0: 0
	1: 0
	2: 0
	3: 24
	4: 18
	5: 6
	6: 2
	7: 1
	8: 1
	9: 120
	10: 126
	11: 0
	12: 0
	13: 96
	14: 10
	15: 0
	16: 96
	17: 13
	18: 0
	19: 96
	20: 16
	21: 0
	22: 96
	23: 19
	24: 0
	25: 1
	26: 1

PC: 85
BP: 22
Instruction: ( OPR, 0, GTR )
=== Stack ===
	0: 0
	1: 0
	2: 0
	3: 24
	4: 18
	5: 6
	6: 2
	7: 1
	8: 1
	9: 120
	10: 126
	11: 0
	12: 0
	13: 96
	14: 10
	15: 0
	16: 96
	17: 13
	18: 0
	19: 96
	20: 16
	21: 0
	22: 96
	23: 19
	24: 0
	25: 0

PC: 86
BP: 22
Instruction: ( JPC, 0, 96 )
=== Stack ===
	0: 0
	1: 0
	2: 0
	3: 24
	4: 18
	5: 6
	6: 2
	7: 1
	8: 1
	9: 120
	10: 126
	11: 0
	12: 0
	13: 96
	14: 10
	15: 0
	16: 96
	17: 13
	18: 0
	19: 96
	20: 16
	21: 0
	22: 96
	23: 19
	24: 0

PC: 96
BP: 22
Instruction: ( OPR, 0, END )
=== Stack ===
	0: 0
	1: 0
	2: 0
	3: 24
	4: 18
	5: 6
	6: 2
	7: 1
	8: 1
	9: 120
	10: 126
	11: 0
	12: 0
	13: 96
	14: 10
	15: 0
	16: 96
	17: 13
	18: 0
	19: 96
	20: 16
	21: 0

PC: 96
BP: 19
Instruction: ( OPR, 0, END )
=== Stack ===
	0: 0
	1: 0
	2: 0
	3: 24
	4: 18
	5: 6
	6: 2
	7: 1
	8: 1
	9: 120
	10: 126
	11: 0
	12: 0
	13: 96
	14: 10
	15: 0
	16: 96
	17: 13
	18: 0

PC: 96
BP: 16
Instruction: ( OPR, 0, END )
=== Stack ===
	0: 0
	1: 0
	2: 0
	3: 24
	4: 18
	5: 6
	6: 2
	7: 1
	8: 1
	9: 120
	10: 126
	11: 0
	12: 0
	13: 96
	14: 10
	15: 0

PC: 96
BP: 13
Instruction: ( OPR, 0, END )
=== Stack ===
	0: 0
	1: 0
	2: 0
	3: 24
	4: 18
	5: 6
	6: 2
	7: 1
	8: 1
	9: 120
	10: 126
	11: 0
	12: 0

PC: 96
BP: 10
Instruction: ( OPR, 0, END )
=== Stack ===
	0: 0
	1: 0
	2: 0
	3: 24
	4: 18
	5: 6
	6: 2
	7: 1
	8: 1
	9: 120

PC: 126
BP: 0
Instruction: ( LOD, 0, 9 )
=== Stack ===
	0: 0
	1: 0
	2: 0
	3: 24
	4: 18
	5: 6
	6: 2
	7: 1
	8: 1
	9: 120
	10: 120

PC: 127
BP: 0
Instruction: ( OPR, 0, WRITE )
=== Stack ===
	0: 0
	1: 0
	2: 0
	3: 24
	4: 18
	5: 6
	6: 2
	7: 1
	8: 1
	9: 120

